{"C:\\Users\\Nathan\\Desktop\\M5\\Lost-Pet-Finder\\backend\\src\\app.js": {"path":"C:\\Users\\Nathan\\Desktop\\M5\\Lost-Pet-Finder\\backend\\src\\app.js","statementMap":{"0":{"start":{"line":5,"column":16},"end":{"line":5,"column":34}},"1":{"start":{"line":8,"column":15},"end":{"line":8,"column":32}},"2":{"start":{"line":9,"column":0},"end":{"line":9,"column":16}},"3":{"start":{"line":12,"column":18},"end":{"line":12,"column":44}},"4":{"start":{"line":13,"column":15},"end":{"line":13,"column":46}},"5":{"start":{"line":15,"column":12},"end":{"line":15,"column":39}},"6":{"start":{"line":16,"column":21},"end":{"line":16,"column":39}},"7":{"start":{"line":17,"column":27},"end":{"line":17,"column":45}},"8":{"start":{"line":21,"column":19},"end":{"line":21,"column":50}},"9":{"start":{"line":22,"column":19},"end":{"line":22,"column":50}},"10":{"start":{"line":23,"column":20},"end":{"line":23,"column":59}},"11":{"start":{"line":26,"column":13},"end":{"line":26,"column":17}},"12":{"start":{"line":27,"column":12},"end":{"line":27,"column":21}},"13":{"start":{"line":28,"column":0},"end":{"line":28,"column":24}},"14":{"start":{"line":30,"column":13},"end":{"line":32,"column":2}},"15":{"start":{"line":31,"column":1},"end":{"line":31,"column":51}},"16":{"start":{"line":35,"column":0},"end":{"line":37,"column":3}},"17":{"start":{"line":36,"column":1},"end":{"line":36,"column":57}},"18":{"start":{"line":40,"column":0},"end":{"line":40,"column":29}},"19":{"start":{"line":41,"column":0},"end":{"line":41,"column":29}},"20":{"start":{"line":42,"column":0},"end":{"line":42,"column":31}},"21":{"start":{"line":44,"column":0},"end":{"line":73,"column":3}},"22":{"start":{"line":45,"column":1},"end":{"line":72,"column":2}},"23":{"start":{"line":46,"column":17},"end":{"line":46,"column":18}},"24":{"start":{"line":50,"column":3},"end":{"line":50,"column":168}},"25":{"start":{"line":51,"column":20},"end":{"line":51,"column":26}},"26":{"start":{"line":52,"column":19},"end":{"line":52,"column":26}},"27":{"start":{"line":54,"column":18},"end":{"line":63,"column":3}},"28":{"start":{"line":65,"column":19},"end":{"line":67,"column":44}},"29":{"start":{"line":68,"column":2},"end":{"line":68,"column":19}},"30":{"start":{"line":70,"column":2},"end":{"line":70,"column":21}},"31":{"start":{"line":71,"column":2},"end":{"line":71,"column":41}},"32":{"start":{"line":76,"column":0},"end":{"line":76,"column":32}},"33":{"start":{"line":77,"column":0},"end":{"line":77,"column":31}},"34":{"start":{"line":80,"column":1},"end":{"line":89,"column":4}},"35":{"start":{"line":81,"column":2},"end":{"line":85,"column":3}},"36":{"start":{"line":82,"column":3},"end":{"line":82,"column":20}},"37":{"start":{"line":84,"column":3},"end":{"line":84,"column":52}},"38":{"start":{"line":87,"column":2},"end":{"line":87,"column":42}},"39":{"start":{"line":88,"column":2},"end":{"line":88,"column":17}},"40":{"start":{"line":92,"column":0},"end":{"line":92,"column":24}}},"fnMap":{"0":{"name":"(anonymous_0)","decl":{"start":{"line":30,"column":30},"end":{"line":30,"column":31}},"loc":{"start":{"line":30,"column":36},"end":{"line":32,"column":1}},"line":30},"1":{"name":"(anonymous_1)","decl":{"start":{"line":35,"column":13},"end":{"line":35,"column":14}},"loc":{"start":{"line":35,"column":27},"end":{"line":37,"column":1}},"line":35},"2":{"name":"(anonymous_2)","decl":{"start":{"line":44,"column":25},"end":{"line":44,"column":26}},"loc":{"start":{"line":44,"column":45},"end":{"line":73,"column":1}},"line":44},"3":{"name":"shutdown","decl":{"start":{"line":79,"column":9},"end":{"line":79,"column":17}},"loc":{"start":{"line":79,"column":20},"end":{"line":90,"column":1}},"line":79},"4":{"name":"(anonymous_4)","decl":{"start":{"line":80,"column":9},"end":{"line":80,"column":10}},"loc":{"start":{"line":80,"column":16},"end":{"line":89,"column":2}},"line":80}},"branchMap":{"0":{"loc":{"start":{"line":81,"column":2},"end":{"line":85,"column":3}},"type":"if","locations":[{"start":{"line":81,"column":2},"end":{"line":85,"column":3}},{"start":{"line":81,"column":2},"end":{"line":85,"column":3}}],"line":81}},"s":{"0":4,"1":4,"2":4,"3":4,"4":4,"5":4,"6":4,"7":4,"8":4,"9":4,"10":4,"11":4,"12":4,"13":4,"14":4,"15":3,"16":4,"17":0,"18":4,"19":4,"20":4,"21":4,"22":0,"23":0,"24":0,"25":0,"26":0,"27":0,"28":0,"29":0,"30":0,"31":0,"32":4,"33":4,"34":0,"35":0,"36":0,"37":0,"38":0,"39":0,"40":4},"f":{"0":3,"1":0,"2":0,"3":0,"4":0},"b":{"0":[0,0]},"_coverageSchema":"1a1c01bbd47fc00a2c39e90264f33305004495a9","hash":"940c7436ed321a8c523ed301574a54f2eac97e72"}
,"C:\\Users\\Nathan\\Desktop\\M5\\Lost-Pet-Finder\\backend\\src\\aws\\awsClient.js": {"path":"C:\\Users\\Nathan\\Desktop\\M5\\Lost-Pet-Finder\\backend\\src\\aws\\awsClient.js","statementMap":{"0":{"start":{"line":4,"column":10},"end":{"line":4,"column":28}},"1":{"start":{"line":6,"column":15},"end":{"line":10,"column":2}},"2":{"start":{"line":12,"column":26},"end":{"line":12,"column":47}},"3":{"start":{"line":14,"column":17},"end":{"line":18,"column":2}},"4":{"start":{"line":20,"column":0},"end":{"line":23,"column":2}}},"fnMap":{},"branchMap":{},"s":{"0":4,"1":4,"2":4,"3":4,"4":4},"f":{},"b":{},"_coverageSchema":"1a1c01bbd47fc00a2c39e90264f33305004495a9","hash":"43e94acbfe60fb6b0a5f2b1016de09099eb887dc"}
,"C:\\Users\\Nathan\\Desktop\\M5\\Lost-Pet-Finder\\backend\\src\\controllers\\notificationController.js": {"path":"C:\\Users\\Nathan\\Desktop\\M5\\Lost-Pet-Finder\\backend\\src\\controllers\\notificationController.js","statementMap":{"0":{"start":{"line":1,"column":16},"end":{"line":1,"column":44}},"1":{"start":{"line":2,"column":15},"end":{"line":2,"column":47}},"2":{"start":{"line":5,"column":16},"end":{"line":5,"column":31}},"3":{"start":{"line":6,"column":15},"end":{"line":6,"column":35}},"4":{"start":{"line":8,"column":1},"end":{"line":19,"column":2}},"5":{"start":{"line":9,"column":15},"end":{"line":12,"column":4}},"6":{"start":{"line":13,"column":22},"end":{"line":13,"column":29}},"7":{"start":{"line":15,"column":2},"end":{"line":15,"column":36}},"8":{"start":{"line":17,"column":2},"end":{"line":17,"column":21}},"9":{"start":{"line":18,"column":2},"end":{"line":18,"column":41}},"10":{"start":{"line":23,"column":16},"end":{"line":23,"column":31}},"11":{"start":{"line":25,"column":1},"end":{"line":33,"column":2}},"12":{"start":{"line":26,"column":15},"end":{"line":26,"column":77}},"13":{"start":{"line":27,"column":22},"end":{"line":27,"column":29}},"14":{"start":{"line":29,"column":2},"end":{"line":29,"column":36}},"15":{"start":{"line":31,"column":2},"end":{"line":31,"column":21}},"16":{"start":{"line":32,"column":2},"end":{"line":32,"column":41}},"17":{"start":{"line":37,"column":16},"end":{"line":37,"column":31}},"18":{"start":{"line":38,"column":18},"end":{"line":38,"column":35}},"19":{"start":{"line":40,"column":1},"end":{"line":74,"column":2}},"20":{"start":{"line":41,"column":2},"end":{"line":41,"column":76}},"21":{"start":{"line":43,"column":18},"end":{"line":45,"column":4}},"22":{"start":{"line":46,"column":22},"end":{"line":46,"column":48}},"23":{"start":{"line":48,"column":26},"end":{"line":51,"column":3}},"24":{"start":{"line":52,"column":22},"end":{"line":52,"column":43}},"25":{"start":{"line":54,"column":2},"end":{"line":54,"column":30}},"26":{"start":{"line":55,"column":2},"end":{"line":55,"column":27}},"27":{"start":{"line":57,"column":18},"end":{"line":66,"column":3}},"28":{"start":{"line":68,"column":2},"end":{"line":68,"column":62}},"29":{"start":{"line":70,"column":2},"end":{"line":70,"column":31}},"30":{"start":{"line":72,"column":2},"end":{"line":72,"column":21}},"31":{"start":{"line":73,"column":2},"end":{"line":73,"column":41}},"32":{"start":{"line":78,"column":16},"end":{"line":78,"column":31}},"33":{"start":{"line":79,"column":21},"end":{"line":79,"column":41}},"34":{"start":{"line":80,"column":18},"end":{"line":80,"column":35}},"35":{"start":{"line":82,"column":1},"end":{"line":130,"column":2}},"36":{"start":{"line":83,"column":2},"end":{"line":124,"column":3}},"37":{"start":{"line":84,"column":3},"end":{"line":87,"column":6}},"38":{"start":{"line":90,"column":19},"end":{"line":92,"column":5}},"39":{"start":{"line":93,"column":23},"end":{"line":93,"column":33}},"40":{"start":{"line":94,"column":3},"end":{"line":97,"column":4}},"41":{"start":{"line":95,"column":4},"end":{"line":95,"column":66}},"42":{"start":{"line":96,"column":4},"end":{"line":96,"column":11}},"43":{"start":{"line":99,"column":23},"end":{"line":99,"column":49}},"44":{"start":{"line":101,"column":27},"end":{"line":104,"column":4}},"45":{"start":{"line":105,"column":23},"end":{"line":105,"column":44}},"46":{"start":{"line":107,"column":19},"end":{"line":116,"column":4}},"47":{"start":{"line":118,"column":3},"end":{"line":118,"column":63}},"48":{"start":{"line":120,"column":3},"end":{"line":123,"column":6}},"49":{"start":{"line":126,"column":2},"end":{"line":126,"column":31}},"50":{"start":{"line":128,"column":2},"end":{"line":128,"column":21}},"51":{"start":{"line":129,"column":2},"end":{"line":129,"column":41}},"52":{"start":{"line":134,"column":16},"end":{"line":134,"column":31}},"53":{"start":{"line":136,"column":1},"end":{"line":146,"column":2}},"54":{"start":{"line":137,"column":15},"end":{"line":139,"column":4}},"55":{"start":{"line":140,"column":22},"end":{"line":140,"column":29}},"56":{"start":{"line":142,"column":2},"end":{"line":142,"column":36}},"57":{"start":{"line":144,"column":2},"end":{"line":144,"column":21}},"58":{"start":{"line":145,"column":2},"end":{"line":145,"column":41}},"59":{"start":{"line":150,"column":16},"end":{"line":150,"column":31}},"60":{"start":{"line":152,"column":1},"end":{"line":160,"column":2}},"61":{"start":{"line":153,"column":15},"end":{"line":153,"column":76}},"62":{"start":{"line":154,"column":22},"end":{"line":154,"column":29}},"63":{"start":{"line":156,"column":2},"end":{"line":156,"column":36}},"64":{"start":{"line":158,"column":2},"end":{"line":158,"column":21}},"65":{"start":{"line":159,"column":2},"end":{"line":159,"column":41}},"66":{"start":{"line":170,"column":0},"end":{"line":178,"column":2}}},"fnMap":{"0":{"name":"uploadDeviceToken","decl":{"start":{"line":4,"column":15},"end":{"line":4,"column":32}},"loc":{"start":{"line":4,"column":43},"end":{"line":20,"column":1}},"line":4},"1":{"name":"getUserDeviceToken","decl":{"start":{"line":22,"column":15},"end":{"line":22,"column":33}},"loc":{"start":{"line":22,"column":44},"end":{"line":34,"column":1}},"line":22},"2":{"name":"sendContactRequest","decl":{"start":{"line":36,"column":15},"end":{"line":36,"column":33}},"loc":{"start":{"line":36,"column":44},"end":{"line":75,"column":1}},"line":36},"3":{"name":"respondToContactRequest","decl":{"start":{"line":77,"column":15},"end":{"line":77,"column":38}},"loc":{"start":{"line":77,"column":49},"end":{"line":131,"column":1}},"line":77},"4":{"name":"getMyPendingRequests","decl":{"start":{"line":133,"column":15},"end":{"line":133,"column":35}},"loc":{"start":{"line":133,"column":46},"end":{"line":147,"column":1}},"line":133},"5":{"name":"getMySentRequests","decl":{"start":{"line":149,"column":15},"end":{"line":149,"column":32}},"loc":{"start":{"line":149,"column":43},"end":{"line":161,"column":1}},"line":149}},"branchMap":{"0":{"loc":{"start":{"line":83,"column":2},"end":{"line":124,"column":3}},"type":"if","locations":[{"start":{"line":83,"column":2},"end":{"line":124,"column":3}},{"start":{"line":83,"column":2},"end":{"line":124,"column":3}}],"line":83},"1":{"loc":{"start":{"line":94,"column":3},"end":{"line":97,"column":4}},"type":"if","locations":[{"start":{"line":94,"column":3},"end":{"line":97,"column":4}},{"start":{"line":94,"column":3},"end":{"line":97,"column":4}}],"line":94},"2":{"loc":{"start":{"line":94,"column":7},"end":{"line":94,"column":53}},"type":"binary-expr","locations":[{"start":{"line":94,"column":7},"end":{"line":94,"column":26}},{"start":{"line":94,"column":30},"end":{"line":94,"column":53}}],"line":94}},"s":{"0":4,"1":4,"2":0,"3":0,"4":0,"5":0,"6":0,"7":0,"8":0,"9":0,"10":0,"11":0,"12":0,"13":0,"14":0,"15":0,"16":0,"17":0,"18":0,"19":0,"20":0,"21":0,"22":0,"23":0,"24":0,"25":0,"26":0,"27":0,"28":0,"29":0,"30":0,"31":0,"32":0,"33":0,"34":0,"35":0,"36":0,"37":0,"38":0,"39":0,"40":0,"41":0,"42":0,"43":0,"44":0,"45":0,"46":0,"47":0,"48":0,"49":0,"50":0,"51":0,"52":0,"53":0,"54":0,"55":0,"56":0,"57":0,"58":0,"59":0,"60":0,"61":0,"62":0,"63":0,"64":0,"65":0,"66":4},"f":{"0":0,"1":0,"2":0,"3":0,"4":0,"5":0},"b":{"0":[0,0],"1":[0,0],"2":[0,0]},"_coverageSchema":"1a1c01bbd47fc00a2c39e90264f33305004495a9","hash":"88cf07446dfe1f0f06d863703fb7a6ae2e874d67"}
,"C:\\Users\\Nathan\\Desktop\\M5\\Lost-Pet-Finder\\backend\\src\\controllers\\petsController.js": {"path":"C:\\Users\\Nathan\\Desktop\\M5\\Lost-Pet-Finder\\backend\\src\\controllers\\petsController.js","statementMap":{"0":{"start":{"line":1,"column":21},"end":{"line":1,"column":52}},"1":{"start":{"line":2,"column":24},"end":{"line":2,"column":58}},"2":{"start":{"line":3,"column":18},"end":{"line":3,"column":43}},"3":{"start":{"line":4,"column":16},"end":{"line":4,"column":44}},"4":{"start":{"line":9,"column":14},"end":{"line":9,"column":29}},"5":{"start":{"line":11,"column":1},"end":{"line":115,"column":2}},"6":{"start":{"line":12,"column":23},"end":{"line":15,"column":3}},"7":{"start":{"line":16,"column":21},"end":{"line":16,"column":39}},"8":{"start":{"line":18,"column":19},"end":{"line":18,"column":46}},"9":{"start":{"line":19,"column":20},"end":{"line":19,"column":49}},"10":{"start":{"line":20,"column":17},"end":{"line":20,"column":39}},"11":{"start":{"line":21,"column":17},"end":{"line":21,"column":38}},"12":{"start":{"line":22,"column":17},"end":{"line":22,"column":38}},"13":{"start":{"line":24,"column":25},"end":{"line":24,"column":76}},"14":{"start":{"line":25,"column":21},"end":{"line":25,"column":38}},"15":{"start":{"line":27,"column":17},"end":{"line":27,"column":19}},"16":{"start":{"line":32,"column":2},"end":{"line":62,"column":3}},"17":{"start":{"line":32,"column":15},"end":{"line":32,"column":16}},"18":{"start":{"line":33,"column":23},"end":{"line":33,"column":53}},"19":{"start":{"line":34,"column":24},"end":{"line":34,"column":56}},"20":{"start":{"line":35,"column":21},"end":{"line":35,"column":46}},"21":{"start":{"line":36,"column":21},"end":{"line":36,"column":45}},"22":{"start":{"line":37,"column":21},"end":{"line":37,"column":45}},"23":{"start":{"line":39,"column":29},"end":{"line":42,"column":4}},"24":{"start":{"line":43,"column":23},"end":{"line":43,"column":75}},"25":{"start":{"line":44,"column":21},"end":{"line":44,"column":65}},"26":{"start":{"line":45,"column":25},"end":{"line":50,"column":4}},"27":{"start":{"line":54,"column":3},"end":{"line":61,"column":6}},"28":{"start":{"line":64,"column":24},"end":{"line":64,"column":57}},"29":{"start":{"line":65,"column":2},"end":{"line":69,"column":3}},"30":{"start":{"line":65,"column":15},"end":{"line":65,"column":16}},"31":{"start":{"line":66,"column":3},"end":{"line":68,"column":4}},"32":{"start":{"line":67,"column":4},"end":{"line":67,"column":56}},"33":{"start":{"line":71,"column":18},"end":{"line":71,"column":45}},"34":{"start":{"line":72,"column":2},"end":{"line":76,"column":3}},"35":{"start":{"line":72,"column":15},"end":{"line":72,"column":16}},"36":{"start":{"line":73,"column":3},"end":{"line":75,"column":4}},"37":{"start":{"line":74,"column":4},"end":{"line":74,"column":44}},"38":{"start":{"line":78,"column":16},"end":{"line":78,"column":41}},"39":{"start":{"line":79,"column":2},"end":{"line":83,"column":3}},"40":{"start":{"line":79,"column":15},"end":{"line":79,"column":16}},"41":{"start":{"line":80,"column":3},"end":{"line":82,"column":4}},"42":{"start":{"line":81,"column":4},"end":{"line":81,"column":40}},"43":{"start":{"line":85,"column":20},"end":{"line":85,"column":49}},"44":{"start":{"line":86,"column":2},"end":{"line":90,"column":3}},"45":{"start":{"line":86,"column":15},"end":{"line":86,"column":16}},"46":{"start":{"line":87,"column":3},"end":{"line":89,"column":4}},"47":{"start":{"line":88,"column":4},"end":{"line":88,"column":48}},"48":{"start":{"line":92,"column":2},"end":{"line":105,"column":3}},"49":{"start":{"line":92,"column":15},"end":{"line":92,"column":16}},"50":{"start":{"line":93,"column":3},"end":{"line":93,"column":56}},"51":{"start":{"line":94,"column":3},"end":{"line":95,"column":58}},"52":{"start":{"line":96,"column":3},"end":{"line":97,"column":52}},"53":{"start":{"line":98,"column":3},"end":{"line":99,"column":64}},"54":{"start":{"line":100,"column":3},"end":{"line":104,"column":34}},"55":{"start":{"line":107,"column":2},"end":{"line":109,"column":5}},"56":{"start":{"line":108,"column":3},"end":{"line":108,"column":46}},"57":{"start":{"line":111,"column":2},"end":{"line":111,"column":33}},"58":{"start":{"line":113,"column":2},"end":{"line":113,"column":21}},"59":{"start":{"line":114,"column":2},"end":{"line":114,"column":41}},"60":{"start":{"line":121,"column":16},"end":{"line":121,"column":31}},"61":{"start":{"line":122,"column":18},"end":{"line":122,"column":35}},"62":{"start":{"line":123,"column":20},"end":{"line":123,"column":39}},"63":{"start":{"line":124,"column":20},"end":{"line":124,"column":39}},"64":{"start":{"line":125,"column":14},"end":{"line":125,"column":27}},"65":{"start":{"line":127,"column":12},"end":{"line":130,"column":2}},"66":{"start":{"line":132,"column":1},"end":{"line":175,"column":2}},"67":{"start":{"line":133,"column":16},"end":{"line":133,"column":51}},"68":{"start":{"line":135,"column":2},"end":{"line":135,"column":54}},"69":{"start":{"line":136,"column":2},"end":{"line":136,"column":48}},"70":{"start":{"line":138,"column":2},"end":{"line":140,"column":3}},"71":{"start":{"line":139,"column":3},"end":{"line":139,"column":38}},"72":{"start":{"line":142,"column":19},"end":{"line":142,"column":51}},"73":{"start":{"line":143,"column":2},"end":{"line":145,"column":3}},"74":{"start":{"line":144,"column":3},"end":{"line":144,"column":44}},"75":{"start":{"line":146,"column":23},"end":{"line":150,"column":3}},"76":{"start":{"line":153,"column":24},"end":{"line":153,"column":47}},"77":{"start":{"line":154,"column":29},"end":{"line":154,"column":57}},"78":{"start":{"line":156,"column":2},"end":{"line":156,"column":29}},"79":{"start":{"line":158,"column":19},"end":{"line":169,"column":3}},"80":{"start":{"line":171,"column":2},"end":{"line":171,"column":36}},"81":{"start":{"line":173,"column":2},"end":{"line":173,"column":21}},"82":{"start":{"line":174,"column":2},"end":{"line":174,"column":41}},"83":{"start":{"line":179,"column":14},"end":{"line":179,"column":29}},"84":{"start":{"line":181,"column":1},"end":{"line":286,"column":2}},"85":{"start":{"line":182,"column":23},"end":{"line":184,"column":4}},"86":{"start":{"line":187,"column":21},"end":{"line":187,"column":39}},"87":{"start":{"line":189,"column":19},"end":{"line":189,"column":46}},"88":{"start":{"line":190,"column":20},"end":{"line":190,"column":49}},"89":{"start":{"line":191,"column":17},"end":{"line":191,"column":39}},"90":{"start":{"line":192,"column":17},"end":{"line":192,"column":38}},"91":{"start":{"line":193,"column":17},"end":{"line":193,"column":38}},"92":{"start":{"line":195,"column":25},"end":{"line":195,"column":77}},"93":{"start":{"line":196,"column":21},"end":{"line":196,"column":38}},"94":{"start":{"line":198,"column":17},"end":{"line":198,"column":19}},"95":{"start":{"line":203,"column":2},"end":{"line":233,"column":3}},"96":{"start":{"line":203,"column":15},"end":{"line":203,"column":16}},"97":{"start":{"line":204,"column":23},"end":{"line":204,"column":53}},"98":{"start":{"line":205,"column":24},"end":{"line":205,"column":56}},"99":{"start":{"line":206,"column":21},"end":{"line":206,"column":46}},"100":{"start":{"line":207,"column":21},"end":{"line":207,"column":45}},"101":{"start":{"line":208,"column":21},"end":{"line":208,"column":45}},"102":{"start":{"line":210,"column":29},"end":{"line":213,"column":4}},"103":{"start":{"line":214,"column":23},"end":{"line":214,"column":75}},"104":{"start":{"line":215,"column":21},"end":{"line":215,"column":65}},"105":{"start":{"line":216,"column":25},"end":{"line":221,"column":4}},"106":{"start":{"line":225,"column":3},"end":{"line":232,"column":6}},"107":{"start":{"line":235,"column":24},"end":{"line":235,"column":57}},"108":{"start":{"line":236,"column":2},"end":{"line":240,"column":3}},"109":{"start":{"line":236,"column":15},"end":{"line":236,"column":16}},"110":{"start":{"line":237,"column":3},"end":{"line":239,"column":4}},"111":{"start":{"line":238,"column":4},"end":{"line":238,"column":56}},"112":{"start":{"line":242,"column":18},"end":{"line":242,"column":45}},"113":{"start":{"line":243,"column":2},"end":{"line":247,"column":3}},"114":{"start":{"line":243,"column":15},"end":{"line":243,"column":16}},"115":{"start":{"line":244,"column":3},"end":{"line":246,"column":4}},"116":{"start":{"line":245,"column":4},"end":{"line":245,"column":44}},"117":{"start":{"line":249,"column":16},"end":{"line":249,"column":41}},"118":{"start":{"line":250,"column":2},"end":{"line":254,"column":3}},"119":{"start":{"line":250,"column":15},"end":{"line":250,"column":16}},"120":{"start":{"line":251,"column":3},"end":{"line":253,"column":4}},"121":{"start":{"line":252,"column":4},"end":{"line":252,"column":40}},"122":{"start":{"line":256,"column":20},"end":{"line":256,"column":49}},"123":{"start":{"line":257,"column":2},"end":{"line":261,"column":3}},"124":{"start":{"line":257,"column":15},"end":{"line":257,"column":16}},"125":{"start":{"line":258,"column":3},"end":{"line":260,"column":4}},"126":{"start":{"line":259,"column":4},"end":{"line":259,"column":48}},"127":{"start":{"line":263,"column":2},"end":{"line":276,"column":3}},"128":{"start":{"line":263,"column":15},"end":{"line":263,"column":16}},"129":{"start":{"line":264,"column":3},"end":{"line":264,"column":56}},"130":{"start":{"line":265,"column":3},"end":{"line":266,"column":58}},"131":{"start":{"line":267,"column":3},"end":{"line":268,"column":52}},"132":{"start":{"line":269,"column":3},"end":{"line":270,"column":64}},"133":{"start":{"line":271,"column":3},"end":{"line":275,"column":34}},"134":{"start":{"line":278,"column":2},"end":{"line":280,"column":5}},"135":{"start":{"line":279,"column":3},"end":{"line":279,"column":46}},"136":{"start":{"line":282,"column":2},"end":{"line":282,"column":33}},"137":{"start":{"line":284,"column":2},"end":{"line":284,"column":21}},"138":{"start":{"line":285,"column":2},"end":{"line":285,"column":41}},"139":{"start":{"line":292,"column":16},"end":{"line":292,"column":31}},"140":{"start":{"line":293,"column":18},"end":{"line":293,"column":35}},"141":{"start":{"line":294,"column":20},"end":{"line":294,"column":39}},"142":{"start":{"line":295,"column":20},"end":{"line":295,"column":39}},"143":{"start":{"line":296,"column":14},"end":{"line":296,"column":27}},"144":{"start":{"line":298,"column":12},"end":{"line":301,"column":2}},"145":{"start":{"line":303,"column":1},"end":{"line":346,"column":2}},"146":{"start":{"line":304,"column":16},"end":{"line":304,"column":51}},"147":{"start":{"line":306,"column":2},"end":{"line":306,"column":54}},"148":{"start":{"line":307,"column":2},"end":{"line":307,"column":48}},"149":{"start":{"line":309,"column":2},"end":{"line":311,"column":3}},"150":{"start":{"line":310,"column":3},"end":{"line":310,"column":38}},"151":{"start":{"line":313,"column":19},"end":{"line":313,"column":51}},"152":{"start":{"line":314,"column":2},"end":{"line":316,"column":3}},"153":{"start":{"line":315,"column":3},"end":{"line":315,"column":44}},"154":{"start":{"line":317,"column":23},"end":{"line":321,"column":3}},"155":{"start":{"line":324,"column":24},"end":{"line":324,"column":47}},"156":{"start":{"line":325,"column":29},"end":{"line":325,"column":57}},"157":{"start":{"line":327,"column":2},"end":{"line":327,"column":29}},"158":{"start":{"line":329,"column":19},"end":{"line":340,"column":3}},"159":{"start":{"line":342,"column":2},"end":{"line":342,"column":36}},"160":{"start":{"line":344,"column":2},"end":{"line":344,"column":21}},"161":{"start":{"line":345,"column":2},"end":{"line":345,"column":41}},"162":{"start":{"line":349,"column":0},"end":{"line":354,"column":2}}},"fnMap":{"0":{"name":"searchLostPets","decl":{"start":{"line":8,"column":15},"end":{"line":8,"column":29}},"loc":{"start":{"line":8,"column":40},"end":{"line":116,"column":1}},"line":8},"1":{"name":"(anonymous_1)","decl":{"start":{"line":107,"column":16},"end":{"line":107,"column":17}},"loc":{"start":{"line":107,"column":26},"end":{"line":109,"column":3}},"line":107},"2":{"name":"postLostPets","decl":{"start":{"line":119,"column":15},"end":{"line":119,"column":27}},"loc":{"start":{"line":119,"column":38},"end":{"line":176,"column":1}},"line":119},"3":{"name":"searchFoundPets","decl":{"start":{"line":178,"column":15},"end":{"line":178,"column":30}},"loc":{"start":{"line":178,"column":41},"end":{"line":287,"column":1}},"line":178},"4":{"name":"(anonymous_4)","decl":{"start":{"line":278,"column":16},"end":{"line":278,"column":17}},"loc":{"start":{"line":278,"column":26},"end":{"line":280,"column":3}},"line":278},"5":{"name":"postFoundPets","decl":{"start":{"line":290,"column":15},"end":{"line":290,"column":28}},"loc":{"start":{"line":290,"column":39},"end":{"line":347,"column":1}},"line":290}},"branchMap":{"0":{"loc":{"start":{"line":66,"column":3},"end":{"line":68,"column":4}},"type":"if","locations":[{"start":{"line":66,"column":3},"end":{"line":68,"column":4}},{"start":{"line":66,"column":3},"end":{"line":68,"column":4}}],"line":66},"1":{"loc":{"start":{"line":73,"column":3},"end":{"line":75,"column":4}},"type":"if","locations":[{"start":{"line":73,"column":3},"end":{"line":75,"column":4}},{"start":{"line":73,"column":3},"end":{"line":75,"column":4}}],"line":73},"2":{"loc":{"start":{"line":80,"column":3},"end":{"line":82,"column":4}},"type":"if","locations":[{"start":{"line":80,"column":3},"end":{"line":82,"column":4}},{"start":{"line":80,"column":3},"end":{"line":82,"column":4}}],"line":80},"3":{"loc":{"start":{"line":87,"column":3},"end":{"line":89,"column":4}},"type":"if","locations":[{"start":{"line":87,"column":3},"end":{"line":89,"column":4}},{"start":{"line":87,"column":3},"end":{"line":89,"column":4}}],"line":87},"4":{"loc":{"start":{"line":138,"column":2},"end":{"line":140,"column":3}},"type":"if","locations":[{"start":{"line":138,"column":2},"end":{"line":140,"column":3}},{"start":{"line":138,"column":2},"end":{"line":140,"column":3}}],"line":138},"5":{"loc":{"start":{"line":143,"column":2},"end":{"line":145,"column":3}},"type":"if","locations":[{"start":{"line":143,"column":2},"end":{"line":145,"column":3}},{"start":{"line":143,"column":2},"end":{"line":145,"column":3}}],"line":143},"6":{"loc":{"start":{"line":237,"column":3},"end":{"line":239,"column":4}},"type":"if","locations":[{"start":{"line":237,"column":3},"end":{"line":239,"column":4}},{"start":{"line":237,"column":3},"end":{"line":239,"column":4}}],"line":237},"7":{"loc":{"start":{"line":244,"column":3},"end":{"line":246,"column":4}},"type":"if","locations":[{"start":{"line":244,"column":3},"end":{"line":246,"column":4}},{"start":{"line":244,"column":3},"end":{"line":246,"column":4}}],"line":244},"8":{"loc":{"start":{"line":251,"column":3},"end":{"line":253,"column":4}},"type":"if","locations":[{"start":{"line":251,"column":3},"end":{"line":253,"column":4}},{"start":{"line":251,"column":3},"end":{"line":253,"column":4}}],"line":251},"9":{"loc":{"start":{"line":258,"column":3},"end":{"line":260,"column":4}},"type":"if","locations":[{"start":{"line":258,"column":3},"end":{"line":260,"column":4}},{"start":{"line":258,"column":3},"end":{"line":260,"column":4}}],"line":258},"10":{"loc":{"start":{"line":309,"column":2},"end":{"line":311,"column":3}},"type":"if","locations":[{"start":{"line":309,"column":2},"end":{"line":311,"column":3}},{"start":{"line":309,"column":2},"end":{"line":311,"column":3}}],"line":309},"11":{"loc":{"start":{"line":314,"column":2},"end":{"line":316,"column":3}},"type":"if","locations":[{"start":{"line":314,"column":2},"end":{"line":316,"column":3}},{"start":{"line":314,"column":2},"end":{"line":316,"column":3}}],"line":314}},"s":{"0":4,"1":4,"2":4,"3":4,"4":3,"5":3,"6":3,"7":3,"8":2,"9":2,"10":2,"11":2,"12":2,"13":2,"14":2,"15":2,"16":2,"17":2,"18":8,"19":8,"20":8,"21":8,"22":8,"23":8,"24":8,"25":8,"26":8,"27":8,"28":2,"29":2,"30":2,"31":8,"32":0,"33":2,"34":2,"35":2,"36":8,"37":5,"38":2,"39":2,"40":2,"41":8,"42":0,"43":2,"44":2,"45":2,"46":8,"47":2,"48":2,"49":2,"50":8,"51":8,"52":8,"53":8,"54":8,"55":2,"56":10,"57":2,"58":1,"59":1,"60":2,"61":2,"62":2,"63":2,"64":2,"65":2,"66":2,"67":2,"68":2,"69":2,"70":2,"71":0,"72":2,"73":2,"74":0,"75":2,"76":2,"77":2,"78":2,"79":2,"80":2,"81":1,"82":1,"83":2,"84":2,"85":2,"86":2,"87":1,"88":1,"89":1,"90":1,"91":1,"92":1,"93":1,"94":1,"95":1,"96":1,"97":5,"98":5,"99":5,"100":5,"101":5,"102":5,"103":5,"104":5,"105":5,"106":5,"107":1,"108":1,"109":1,"110":5,"111":0,"112":1,"113":1,"114":1,"115":5,"116":1,"117":1,"118":1,"119":1,"120":5,"121":0,"122":1,"123":1,"124":1,"125":5,"126":2,"127":1,"128":1,"129":5,"130":5,"131":5,"132":5,"133":5,"134":1,"135":8,"136":1,"137":1,"138":1,"139":2,"140":2,"141":2,"142":2,"143":2,"144":2,"145":2,"146":2,"147":2,"148":2,"149":2,"150":0,"151":2,"152":2,"153":0,"154":2,"155":2,"156":2,"157":2,"158":2,"159":2,"160":1,"161":1,"162":4},"f":{"0":3,"1":10,"2":2,"3":2,"4":8,"5":2},"b":{"0":[0,8],"1":[5,3],"2":[0,8],"3":[2,6],"4":[0,2],"5":[0,2],"6":[0,5],"7":[1,4],"8":[0,5],"9":[2,3],"10":[0,2],"11":[0,2]},"_coverageSchema":"1a1c01bbd47fc00a2c39e90264f33305004495a9","hash":"ec14a3bbc89f79e2f73a3e1aa997d9b202fbac6f"}
,"C:\\Users\\Nathan\\Desktop\\M5\\Lost-Pet-Finder\\backend\\src\\controllers\\userController.js": {"path":"C:\\Users\\Nathan\\Desktop\\M5\\Lost-Pet-Finder\\backend\\src\\controllers\\userController.js","statementMap":{"0":{"start":{"line":1,"column":16},"end":{"line":1,"column":44}},"1":{"start":{"line":4,"column":14},"end":{"line":4,"column":31}},"2":{"start":{"line":6,"column":1},"end":{"line":14,"column":2}},"3":{"start":{"line":7,"column":15},"end":{"line":7,"column":77}},"4":{"start":{"line":8,"column":15},"end":{"line":8,"column":22}},"5":{"start":{"line":10,"column":2},"end":{"line":10,"column":29}},"6":{"start":{"line":12,"column":2},"end":{"line":12,"column":21}},"7":{"start":{"line":13,"column":2},"end":{"line":13,"column":41}},"8":{"start":{"line":17,"column":0},"end":{"line":19,"column":2}}},"fnMap":{"0":{"name":"getUserContactInfo","decl":{"start":{"line":3,"column":15},"end":{"line":3,"column":33}},"loc":{"start":{"line":3,"column":44},"end":{"line":15,"column":1}},"line":3}},"branchMap":{},"s":{"0":4,"1":0,"2":0,"3":0,"4":0,"5":0,"6":0,"7":0,"8":4},"f":{"0":0},"b":{},"_coverageSchema":"1a1c01bbd47fc00a2c39e90264f33305004495a9","hash":"f429e73adde69ea025d4bcdba92e434d8aece86d"}
,"C:\\Users\\Nathan\\Desktop\\M5\\Lost-Pet-Finder\\backend\\src\\routers\\notificationRouter.js": {"path":"C:\\Users\\Nathan\\Desktop\\M5\\Lost-Pet-Finder\\backend\\src\\routers\\notificationRouter.js","statementMap":{"0":{"start":{"line":2,"column":16},"end":{"line":2,"column":34}},"1":{"start":{"line":3,"column":31},"end":{"line":3,"column":79}},"2":{"start":{"line":6,"column":15},"end":{"line":6,"column":31}},"3":{"start":{"line":8,"column":0},"end":{"line":10,"column":3}},"4":{"start":{"line":9,"column":1},"end":{"line":9,"column":59}},"5":{"start":{"line":12,"column":0},"end":{"line":12,"column":76}},"6":{"start":{"line":13,"column":0},"end":{"line":13,"column":77}},"7":{"start":{"line":15,"column":0},"end":{"line":15,"column":78}},"8":{"start":{"line":16,"column":0},"end":{"line":16,"column":88}},"9":{"start":{"line":17,"column":0},"end":{"line":17,"column":76}},"10":{"start":{"line":18,"column":0},"end":{"line":18,"column":70}},"11":{"start":{"line":20,"column":0},"end":{"line":20,"column":24}}},"fnMap":{"0":{"name":"(anonymous_0)","decl":{"start":{"line":8,"column":16},"end":{"line":8,"column":17}},"loc":{"start":{"line":8,"column":30},"end":{"line":10,"column":1}},"line":8}},"branchMap":{},"s":{"0":4,"1":4,"2":4,"3":4,"4":0,"5":4,"6":4,"7":4,"8":4,"9":4,"10":4,"11":4},"f":{"0":0},"b":{},"_coverageSchema":"1a1c01bbd47fc00a2c39e90264f33305004495a9","hash":"3a688c1f8076d1c5e0bb4acef4aa9278f9cf1da1"}
,"C:\\Users\\Nathan\\Desktop\\M5\\Lost-Pet-Finder\\backend\\src\\routers\\petsRouter.js": {"path":"C:\\Users\\Nathan\\Desktop\\M5\\Lost-Pet-Finder\\backend\\src\\routers\\petsRouter.js","statementMap":{"0":{"start":{"line":2,"column":16},"end":{"line":2,"column":34}},"1":{"start":{"line":3,"column":23},"end":{"line":3,"column":63}},"2":{"start":{"line":6,"column":15},"end":{"line":6,"column":31}},"3":{"start":{"line":8,"column":0},"end":{"line":10,"column":3}},"4":{"start":{"line":9,"column":1},"end":{"line":9,"column":51}},"5":{"start":{"line":12,"column":0},"end":{"line":12,"column":61}},"6":{"start":{"line":13,"column":0},"end":{"line":13,"column":58}},"7":{"start":{"line":14,"column":0},"end":{"line":14,"column":63}},"8":{"start":{"line":15,"column":0},"end":{"line":15,"column":60}},"9":{"start":{"line":17,"column":0},"end":{"line":17,"column":24}}},"fnMap":{"0":{"name":"(anonymous_0)","decl":{"start":{"line":8,"column":16},"end":{"line":8,"column":17}},"loc":{"start":{"line":8,"column":30},"end":{"line":10,"column":1}},"line":8}},"branchMap":{},"s":{"0":4,"1":4,"2":4,"3":4,"4":0,"5":4,"6":4,"7":4,"8":4,"9":4},"f":{"0":0},"b":{},"_coverageSchema":"1a1c01bbd47fc00a2c39e90264f33305004495a9","hash":"437f64e45c394abca070e829e16cf763d4de5374"}
,"C:\\Users\\Nathan\\Desktop\\M5\\Lost-Pet-Finder\\backend\\src\\routers\\userRouter.js": {"path":"C:\\Users\\Nathan\\Desktop\\M5\\Lost-Pet-Finder\\backend\\src\\routers\\userRouter.js","statementMap":{"0":{"start":{"line":2,"column":16},"end":{"line":2,"column":34}},"1":{"start":{"line":3,"column":23},"end":{"line":3,"column":63}},"2":{"start":{"line":6,"column":15},"end":{"line":6,"column":31}},"3":{"start":{"line":8,"column":0},"end":{"line":10,"column":3}},"4":{"start":{"line":9,"column":1},"end":{"line":9,"column":51}},"5":{"start":{"line":12,"column":0},"end":{"line":12,"column":77}},"6":{"start":{"line":14,"column":0},"end":{"line":14,"column":24}}},"fnMap":{"0":{"name":"(anonymous_0)","decl":{"start":{"line":8,"column":16},"end":{"line":8,"column":17}},"loc":{"start":{"line":8,"column":30},"end":{"line":10,"column":1}},"line":8}},"branchMap":{},"s":{"0":4,"1":4,"2":4,"3":4,"4":0,"5":4,"6":4},"f":{"0":0},"b":{},"_coverageSchema":"1a1c01bbd47fc00a2c39e90264f33305004495a9","hash":"676af8f26f81cb2e5b125a74f961aabb8af581e3"}
,"C:\\Users\\Nathan\\Desktop\\M5\\Lost-Pet-Finder\\backend\\src\\sql\\connection.js": {"path":"C:\\Users\\Nathan\\Desktop\\M5\\Lost-Pet-Finder\\backend\\src\\sql\\connection.js","statementMap":{"0":{"start":{"line":1,"column":14},"end":{"line":1,"column":30}},"1":{"start":{"line":2,"column":13},"end":{"line":2,"column":28}},"2":{"start":{"line":4,"column":13},"end":{"line":11,"column":2}},"3":{"start":{"line":14,"column":0},"end":{"line":24,"column":3}},"4":{"start":{"line":15,"column":1},"end":{"line":19,"column":2}},"5":{"start":{"line":16,"column":2},"end":{"line":16,"column":21}},"6":{"start":{"line":18,"column":2},"end":{"line":18,"column":48}},"7":{"start":{"line":21,"column":1},"end":{"line":23,"column":2}},"8":{"start":{"line":22,"column":2},"end":{"line":22,"column":23}},"9":{"start":{"line":27,"column":0},"end":{"line":27,"column":40}},"10":{"start":{"line":29,"column":0},"end":{"line":29,"column":22}}},"fnMap":{"0":{"name":"(anonymous_0)","decl":{"start":{"line":14,"column":19},"end":{"line":14,"column":20}},"loc":{"start":{"line":14,"column":40},"end":{"line":24,"column":1}},"line":14}},"branchMap":{"0":{"loc":{"start":{"line":6,"column":7},"end":{"line":6,"column":34}},"type":"binary-expr","locations":[{"start":{"line":6,"column":7},"end":{"line":6,"column":26}},{"start":{"line":6,"column":30},"end":{"line":6,"column":34}}],"line":6},"1":{"loc":{"start":{"line":15,"column":1},"end":{"line":19,"column":2}},"type":"if","locations":[{"start":{"line":15,"column":1},"end":{"line":19,"column":2}},{"start":{"line":15,"column":1},"end":{"line":19,"column":2}}],"line":15},"2":{"loc":{"start":{"line":21,"column":1},"end":{"line":23,"column":2}},"type":"if","locations":[{"start":{"line":21,"column":1},"end":{"line":23,"column":2}},{"start":{"line":21,"column":1},"end":{"line":23,"column":2}}],"line":21}},"s":{"0":3,"1":3,"2":3,"3":3,"4":1,"5":0,"6":1,"7":1,"8":1,"9":3,"10":3},"f":{"0":1},"b":{"0":[3,0],"1":[0,1],"2":[1,0]},"_coverageSchema":"1a1c01bbd47fc00a2c39e90264f33305004495a9","hash":"24a4301c69f2ec97303d47142c28ab2ac4bd3445"}
,"C:\\Users\\Nathan\\Desktop\\M5\\Lost-Pet-Finder\\backend\\src\\tests\\integrationTestVariables.js": {"path":"C:\\Users\\Nathan\\Desktop\\M5\\Lost-Pet-Finder\\backend\\src\\tests\\integrationTestVariables.js","statementMap":{"0":{"start":{"line":2,"column":0},"end":{"line":115,"column":1}},"1":{"start":{"line":118,"column":0},"end":{"line":287,"column":1}},"2":{"start":{"line":291,"column":29},"end":{"line":302,"column":1}},"3":{"start":{"line":304,"column":30},"end":{"line":315,"column":1}},"4":{"start":{"line":317,"column":0},"end":{"line":317,"column":36}},"5":{"start":{"line":318,"column":0},"end":{"line":318,"column":34}},"6":{"start":{"line":319,"column":0},"end":{"line":319,"column":52}},"7":{"start":{"line":320,"column":0},"end":{"line":320,"column":54}}},"fnMap":{},"branchMap":{},"s":{"0":1,"1":1,"2":1,"3":1,"4":1,"5":1,"6":1,"7":1},"f":{},"b":{},"_coverageSchema":"1a1c01bbd47fc00a2c39e90264f33305004495a9","hash":"912f2636300df7bd5b46626fa8e3aa6a80f27f52"}
,"C:\\Users\\Nathan\\Desktop\\M5\\Lost-Pet-Finder\\backend\\src\\tests\\testVariables.js": {"path":"C:\\Users\\Nathan\\Desktop\\M5\\Lost-Pet-Finder\\backend\\src\\tests\\testVariables.js","statementMap":{"0":{"start":{"line":1,"column":20},"end":{"line":43,"column":1}},"1":{"start":{"line":45,"column":21},"end":{"line":94,"column":1}},"2":{"start":{"line":96,"column":28},"end":{"line":172,"column":1}},"3":{"start":{"line":174,"column":29},"end":{"line":265,"column":1}},"4":{"start":{"line":267,"column":29},"end":{"line":291,"column":1}},"5":{"start":{"line":292,"column":30},"end":{"line":316,"column":1}},"6":{"start":{"line":318,"column":25},"end":{"line":342,"column":1}},"7":{"start":{"line":344,"column":26},"end":{"line":369,"column":1}},"8":{"start":{"line":371,"column":27},"end":{"line":431,"column":1}},"9":{"start":{"line":433,"column":28},"end":{"line":501,"column":1}},"10":{"start":{"line":503,"column":0},"end":{"line":503,"column":36}},"11":{"start":{"line":504,"column":0},"end":{"line":504,"column":34}},"12":{"start":{"line":505,"column":0},"end":{"line":505,"column":52}},"13":{"start":{"line":506,"column":0},"end":{"line":506,"column":50}},"14":{"start":{"line":507,"column":0},"end":{"line":507,"column":52}},"15":{"start":{"line":508,"column":0},"end":{"line":508,"column":54}},"16":{"start":{"line":509,"column":0},"end":{"line":509,"column":44}},"17":{"start":{"line":510,"column":0},"end":{"line":510,"column":46}},"18":{"start":{"line":511,"column":0},"end":{"line":511,"column":48}},"19":{"start":{"line":512,"column":0},"end":{"line":512,"column":50}}},"fnMap":{},"branchMap":{},"s":{"0":1,"1":1,"2":1,"3":1,"4":1,"5":1,"6":1,"7":1,"8":1,"9":1,"10":1,"11":1,"12":1,"13":1,"14":1,"15":1,"16":1,"17":1,"18":1,"19":1},"f":{},"b":{},"_coverageSchema":"1a1c01bbd47fc00a2c39e90264f33305004495a9","hash":"af7fabb76e966f1d9584f079b09f384fb3542993"}
,"C:\\Users\\Nathan\\Desktop\\M5\\Lost-Pet-Finder\\backend\\src\\util\\awsFunctions.js": {"path":"C:\\Users\\Nathan\\Desktop\\M5\\Lost-Pet-Finder\\backend\\src\\util\\awsFunctions.js","statementMap":{"0":{"start":{"line":2,"column":12},"end":{"line":2,"column":39}},"1":{"start":{"line":3,"column":20},"end":{"line":3,"column":35}},"2":{"start":{"line":4,"column":11},"end":{"line":4,"column":17}},"3":{"start":{"line":6,"column":15},"end":{"line":6,"column":43}},"4":{"start":{"line":7,"column":13},"end":{"line":7,"column":28}},"5":{"start":{"line":8,"column":19},"end":{"line":8,"column":41}},"6":{"start":{"line":9,"column":17},"end":{"line":9,"column":37}},"7":{"start":{"line":13,"column":0},"end":{"line":20,"column":2}},"8":{"start":{"line":23,"column":0},"end":{"line":30,"column":2}},"9":{"start":{"line":34,"column":23},"end":{"line":34,"column":38}},"10":{"start":{"line":35,"column":21},"end":{"line":35,"column":34}},"11":{"start":{"line":37,"column":19},"end":{"line":45,"column":5}},"12":{"start":{"line":47,"column":4},"end":{"line":61,"column":5}},"13":{"start":{"line":48,"column":25},"end":{"line":48,"column":73}},"14":{"start":{"line":50,"column":29},"end":{"line":50,"column":31}},"15":{"start":{"line":52,"column":8},"end":{"line":54,"column":11}},"16":{"start":{"line":53,"column":12},"end":{"line":53,"column":39}},"17":{"start":{"line":56,"column":8},"end":{"line":56,"column":30}},"18":{"start":{"line":58,"column":8},"end":{"line":58,"column":25}},"19":{"start":{"line":60,"column":8},"end":{"line":60,"column":20}},"20":{"start":{"line":68,"column":4},"end":{"line":126,"column":5}},"21":{"start":{"line":69,"column":22},"end":{"line":69,"column":86}},"22":{"start":{"line":70,"column":21},"end":{"line":70,"column":37}},"23":{"start":{"line":73,"column":30},"end":{"line":73,"column":48}},"24":{"start":{"line":74,"column":8},"end":{"line":74,"column":43}},"25":{"start":{"line":75,"column":8},"end":{"line":75,"column":45}},"26":{"start":{"line":77,"column":8},"end":{"line":77,"column":49}},"27":{"start":{"line":82,"column":8},"end":{"line":86,"column":22}},"28":{"start":{"line":83,"column":8},"end":{"line":83,"column":35}},"29":{"start":{"line":86,"column":8},"end":{"line":86,"column":22}},"30":{"start":{"line":89,"column":8},"end":{"line":89,"column":42}},"31":{"start":{"line":90,"column":8},"end":{"line":90,"column":45}},"32":{"start":{"line":92,"column":8},"end":{"line":92,"column":65}},"33":{"start":{"line":93,"column":8},"end":{"line":93,"column":20}},"34":{"start":{"line":94,"column":8},"end":{"line":100,"column":11}},"35":{"start":{"line":95,"column":12},"end":{"line":95,"column":66}},"36":{"start":{"line":96,"column":12},"end":{"line":99,"column":15}},"37":{"start":{"line":97,"column":16},"end":{"line":97,"column":34}},"38":{"start":{"line":97,"column":24},"end":{"line":97,"column":34}},"39":{"start":{"line":98,"column":16},"end":{"line":98,"column":30}},"40":{"start":{"line":102,"column":8},"end":{"line":102,"column":44}},"41":{"start":{"line":107,"column":8},"end":{"line":107,"column":80}},"42":{"start":{"line":108,"column":8},"end":{"line":108,"column":48}},"43":{"start":{"line":109,"column":8},"end":{"line":109,"column":48}},"44":{"start":{"line":110,"column":8},"end":{"line":110,"column":48}},"45":{"start":{"line":112,"column":8},"end":{"line":112,"column":78}},"46":{"start":{"line":113,"column":8},"end":{"line":113,"column":78}},"47":{"start":{"line":114,"column":8},"end":{"line":114,"column":78}},"48":{"start":{"line":117,"column":8},"end":{"line":117,"column":22}},"49":{"start":{"line":118,"column":8},"end":{"line":118,"column":104}},"50":{"start":{"line":119,"column":8},"end":{"line":119,"column":104}},"51":{"start":{"line":120,"column":8},"end":{"line":120,"column":104}},"52":{"start":{"line":122,"column":8},"end":{"line":122,"column":42}},"53":{"start":{"line":124,"column":8},"end":{"line":124,"column":25}},"54":{"start":{"line":125,"column":8},"end":{"line":125,"column":18}},"55":{"start":{"line":136,"column":16},"end":{"line":136,"column":18}},"56":{"start":{"line":137,"column":4},"end":{"line":140,"column":5}},"57":{"start":{"line":139,"column":8},"end":{"line":139,"column":21}},"58":{"start":{"line":141,"column":4},"end":{"line":148,"column":6}},"59":{"start":{"line":142,"column":8},"end":{"line":147,"column":10}},"60":{"start":{"line":143,"column":12},"end":{"line":146,"column":13}},"61":{"start":{"line":145,"column":16},"end":{"line":145,"column":48}},"62":{"start":{"line":150,"column":4},"end":{"line":165,"column":5}},"63":{"start":{"line":151,"column":8},"end":{"line":164,"column":9}},"64":{"start":{"line":152,"column":12},"end":{"line":154,"column":13}},"65":{"start":{"line":153,"column":16},"end":{"line":153,"column":32}},"66":{"start":{"line":155,"column":12},"end":{"line":157,"column":13}},"67":{"start":{"line":156,"column":16},"end":{"line":156,"column":32}},"68":{"start":{"line":158,"column":12},"end":{"line":160,"column":13}},"69":{"start":{"line":159,"column":16},"end":{"line":159,"column":32}},"70":{"start":{"line":161,"column":12},"end":{"line":163,"column":13}},"71":{"start":{"line":162,"column":16},"end":{"line":162,"column":32}},"72":{"start":{"line":167,"column":4},"end":{"line":168,"column":17}},"73":{"start":{"line":168,"column":4},"end":{"line":168,"column":17}},"74":{"start":{"line":170,"column":4},"end":{"line":170,"column":47}},"75":{"start":{"line":177,"column":19},"end":{"line":177,"column":37}},"76":{"start":{"line":178,"column":4},"end":{"line":198,"column":5}},"77":{"start":{"line":179,"column":8},"end":{"line":179,"column":16}},"78":{"start":{"line":180,"column":8},"end":{"line":183,"column":9}},"79":{"start":{"line":182,"column":12},"end":{"line":182,"column":23}},"80":{"start":{"line":184,"column":8},"end":{"line":191,"column":11}},"81":{"start":{"line":185,"column":12},"end":{"line":190,"column":15}},"82":{"start":{"line":186,"column":16},"end":{"line":189,"column":17}},"83":{"start":{"line":188,"column":20},"end":{"line":188,"column":36}},"84":{"start":{"line":192,"column":8},"end":{"line":192,"column":19}},"85":{"start":{"line":195,"column":8},"end":{"line":195,"column":25}},"86":{"start":{"line":197,"column":8},"end":{"line":197,"column":18}},"87":{"start":{"line":204,"column":4},"end":{"line":222,"column":5}},"88":{"start":{"line":205,"column":8},"end":{"line":205,"column":16}},"89":{"start":{"line":206,"column":8},"end":{"line":209,"column":9}},"90":{"start":{"line":208,"column":12},"end":{"line":208,"column":23}},"91":{"start":{"line":210,"column":8},"end":{"line":215,"column":11}},"92":{"start":{"line":211,"column":12},"end":{"line":214,"column":13}},"93":{"start":{"line":213,"column":16},"end":{"line":213,"column":32}},"94":{"start":{"line":216,"column":8},"end":{"line":216,"column":19}},"95":{"start":{"line":219,"column":8},"end":{"line":219,"column":25}},"96":{"start":{"line":221,"column":8},"end":{"line":221,"column":18}},"97":{"start":{"line":231,"column":4},"end":{"line":231,"column":136}},"98":{"start":{"line":232,"column":4},"end":{"line":232,"column":39}},"99":{"start":{"line":237,"column":4},"end":{"line":237,"column":53}},"100":{"start":{"line":239,"column":4},"end":{"line":239,"column":16}},"101":{"start":{"line":241,"column":4},"end":{"line":249,"column":5}},"102":{"start":{"line":243,"column":8},"end":{"line":243,"column":27}},"103":{"start":{"line":244,"column":8},"end":{"line":246,"column":11}},"104":{"start":{"line":245,"column":12},"end":{"line":245,"column":30}},"105":{"start":{"line":247,"column":8},"end":{"line":247,"column":51}},"106":{"start":{"line":248,"column":8},"end":{"line":248,"column":30}},"107":{"start":{"line":250,"column":4},"end":{"line":250,"column":33}},"108":{"start":{"line":252,"column":4},"end":{"line":252,"column":17}},"109":{"start":{"line":261,"column":18},"end":{"line":261,"column":20}},"110":{"start":{"line":262,"column":4},"end":{"line":262,"column":22}},"111":{"start":{"line":264,"column":4},"end":{"line":266,"column":7}},"112":{"start":{"line":265,"column":8},"end":{"line":265,"column":39}},"113":{"start":{"line":268,"column":4},"end":{"line":272,"column":7}},"114":{"start":{"line":269,"column":4},"end":{"line":271,"column":5}},"115":{"start":{"line":270,"column":8},"end":{"line":270,"column":32}},"116":{"start":{"line":274,"column":4},"end":{"line":274,"column":24}},"117":{"start":{"line":279,"column":4},"end":{"line":279,"column":32}},"118":{"start":{"line":280,"column":4},"end":{"line":280,"column":32}},"119":{"start":{"line":282,"column":4},"end":{"line":282,"column":54}},"120":{"start":{"line":284,"column":4},"end":{"line":284,"column":18}},"121":{"start":{"line":286,"column":4},"end":{"line":286,"column":39}},"122":{"start":{"line":292,"column":12},"end":{"line":292,"column":16}},"123":{"start":{"line":293,"column":15},"end":{"line":293,"column":37}},"124":{"start":{"line":294,"column":15},"end":{"line":294,"column":37}},"125":{"start":{"line":296,"column":6},"end":{"line":298,"column":41}},"126":{"start":{"line":300,"column":12},"end":{"line":300,"column":56}},"127":{"start":{"line":301,"column":12},"end":{"line":301,"column":17}},"128":{"start":{"line":302,"column":4},"end":{"line":302,"column":13}},"129":{"start":{"line":306,"column":4},"end":{"line":306,"column":30}},"130":{"start":{"line":311,"column":0},"end":{"line":332,"column":1}}},"fnMap":{"0":{"name":"getAWSTags","decl":{"start":{"line":33,"column":15},"end":{"line":33,"column":25}},"loc":{"start":{"line":33,"column":32},"end":{"line":62,"column":1}},"line":33},"1":{"name":"(anonymous_1)","decl":{"start":{"line":52,"column":32},"end":{"line":52,"column":33}},"loc":{"start":{"line":52,"column":41},"end":{"line":54,"column":9}},"line":52},"2":{"name":"getColour","decl":{"start":{"line":66,"column":15},"end":{"line":66,"column":24}},"loc":{"start":{"line":66,"column":57},"end":{"line":127,"column":1}},"line":66},"3":{"name":"(anonymous_3)","decl":{"start":{"line":94,"column":45},"end":{"line":94,"column":46}},"loc":{"start":{"line":94,"column":52},"end":{"line":100,"column":9}},"line":94},"4":{"name":"(anonymous_4)","decl":{"start":{"line":96,"column":42},"end":{"line":96,"column":43}},"loc":{"start":{"line":96,"column":56},"end":{"line":99,"column":13}},"line":96},"5":{"name":"validBoxes","decl":{"start":{"line":135,"column":9},"end":{"line":135,"column":19}},"loc":{"start":{"line":135,"column":29},"end":{"line":171,"column":1}},"line":135},"6":{"name":"(anonymous_6)","decl":{"start":{"line":141,"column":20},"end":{"line":141,"column":21}},"loc":{"start":{"line":141,"column":29},"end":{"line":148,"column":5}},"line":141},"7":{"name":"(anonymous_7)","decl":{"start":{"line":142,"column":32},"end":{"line":142,"column":33}},"loc":{"start":{"line":142,"column":44},"end":{"line":147,"column":9}},"line":142},"8":{"name":"filterForPets","decl":{"start":{"line":175,"column":9},"end":{"line":175,"column":22}},"loc":{"start":{"line":176,"column":0},"end":{"line":199,"column":1}},"line":176},"9":{"name":"(anonymous_9)","decl":{"start":{"line":184,"column":24},"end":{"line":184,"column":25}},"loc":{"start":{"line":184,"column":33},"end":{"line":191,"column":9}},"line":184},"10":{"name":"(anonymous_10)","decl":{"start":{"line":185,"column":34},"end":{"line":185,"column":35}},"loc":{"start":{"line":185,"column":44},"end":{"line":190,"column":13}},"line":185},"11":{"name":"filterForConfidence","decl":{"start":{"line":202,"column":9},"end":{"line":202,"column":28}},"loc":{"start":{"line":203,"column":0},"end":{"line":223,"column":1}},"line":203},"12":{"name":"(anonymous_12)","decl":{"start":{"line":210,"column":24},"end":{"line":210,"column":25}},"loc":{"start":{"line":210,"column":33},"end":{"line":215,"column":9}},"line":210},"13":{"name":"getColourScore","decl":{"start":{"line":228,"column":9},"end":{"line":228,"column":23}},"loc":{"start":{"line":229,"column":0},"end":{"line":233,"column":1}},"line":229},"14":{"name":"getIntersectionScore","decl":{"start":{"line":236,"column":9},"end":{"line":236,"column":29}},"loc":{"start":{"line":236,"column":48},"end":{"line":253,"column":1}},"line":236},"15":{"name":"(anonymous_15)","decl":{"start":{"line":244,"column":41},"end":{"line":244,"column":42}},"loc":{"start":{"line":244,"column":51},"end":{"line":246,"column":9}},"line":244},"16":{"name":"getIntersection","decl":{"start":{"line":257,"column":9},"end":{"line":257,"column":24}},"loc":{"start":{"line":258,"column":0},"end":{"line":275,"column":1}},"line":258},"17":{"name":"(anonymous_17)","decl":{"start":{"line":264,"column":20},"end":{"line":264,"column":21}},"loc":{"start":{"line":264,"column":35},"end":{"line":266,"column":5}},"line":264},"18":{"name":"(anonymous_18)","decl":{"start":{"line":268,"column":20},"end":{"line":268,"column":21}},"loc":{"start":{"line":268,"column":35},"end":{"line":272,"column":5}},"line":268},"19":{"name":"getDateScore","decl":{"start":{"line":277,"column":9},"end":{"line":277,"column":21}},"loc":{"start":{"line":278,"column":0},"end":{"line":287,"column":1}},"line":278},"20":{"name":"getDistanceScore","decl":{"start":{"line":290,"column":9},"end":{"line":290,"column":25}},"loc":{"start":{"line":291,"column":0},"end":{"line":303,"column":1}},"line":291},"21":{"name":"deg2rad","decl":{"start":{"line":305,"column":9},"end":{"line":305,"column":16}},"loc":{"start":{"line":305,"column":22},"end":{"line":307,"column":1}},"line":305}},"branchMap":{"0":{"loc":{"start":{"line":82,"column":8},"end":{"line":86,"column":22}},"type":"if","locations":[{"start":{"line":82,"column":8},"end":{"line":86,"column":22}},{"start":{"line":82,"column":8},"end":{"line":86,"column":22}}],"line":82},"1":{"loc":{"start":{"line":97,"column":16},"end":{"line":97,"column":34}},"type":"if","locations":[{"start":{"line":97,"column":16},"end":{"line":97,"column":34}},{"start":{"line":97,"column":16},"end":{"line":97,"column":34}}],"line":97},"2":{"loc":{"start":{"line":137,"column":4},"end":{"line":140,"column":5}},"type":"if","locations":[{"start":{"line":137,"column":4},"end":{"line":140,"column":5}},{"start":{"line":137,"column":4},"end":{"line":140,"column":5}}],"line":137},"3":{"loc":{"start":{"line":143,"column":12},"end":{"line":146,"column":13}},"type":"if","locations":[{"start":{"line":143,"column":12},"end":{"line":146,"column":13}},{"start":{"line":143,"column":12},"end":{"line":146,"column":13}}],"line":143},"4":{"loc":{"start":{"line":152,"column":12},"end":{"line":154,"column":13}},"type":"if","locations":[{"start":{"line":152,"column":12},"end":{"line":154,"column":13}},{"start":{"line":152,"column":12},"end":{"line":154,"column":13}}],"line":152},"5":{"loc":{"start":{"line":155,"column":12},"end":{"line":157,"column":13}},"type":"if","locations":[{"start":{"line":155,"column":12},"end":{"line":157,"column":13}},{"start":{"line":155,"column":12},"end":{"line":157,"column":13}}],"line":155},"6":{"loc":{"start":{"line":158,"column":12},"end":{"line":160,"column":13}},"type":"if","locations":[{"start":{"line":158,"column":12},"end":{"line":160,"column":13}},{"start":{"line":158,"column":12},"end":{"line":160,"column":13}}],"line":158},"7":{"loc":{"start":{"line":161,"column":12},"end":{"line":163,"column":13}},"type":"if","locations":[{"start":{"line":161,"column":12},"end":{"line":163,"column":13}},{"start":{"line":161,"column":12},"end":{"line":163,"column":13}}],"line":161},"8":{"loc":{"start":{"line":167,"column":4},"end":{"line":168,"column":17}},"type":"if","locations":[{"start":{"line":167,"column":4},"end":{"line":168,"column":17}},{"start":{"line":167,"column":4},"end":{"line":168,"column":17}}],"line":167},"9":{"loc":{"start":{"line":180,"column":8},"end":{"line":183,"column":9}},"type":"if","locations":[{"start":{"line":180,"column":8},"end":{"line":183,"column":9}},{"start":{"line":180,"column":8},"end":{"line":183,"column":9}}],"line":180},"10":{"loc":{"start":{"line":186,"column":16},"end":{"line":189,"column":17}},"type":"if","locations":[{"start":{"line":186,"column":16},"end":{"line":189,"column":17}},{"start":{"line":186,"column":16},"end":{"line":189,"column":17}}],"line":186},"11":{"loc":{"start":{"line":186,"column":19},"end":{"line":186,"column":68}},"type":"binary-expr","locations":[{"start":{"line":186,"column":19},"end":{"line":186,"column":42}},{"start":{"line":186,"column":46},"end":{"line":186,"column":68}}],"line":186},"12":{"loc":{"start":{"line":206,"column":8},"end":{"line":209,"column":9}},"type":"if","locations":[{"start":{"line":206,"column":8},"end":{"line":209,"column":9}},{"start":{"line":206,"column":8},"end":{"line":209,"column":9}}],"line":206},"13":{"loc":{"start":{"line":211,"column":12},"end":{"line":214,"column":13}},"type":"if","locations":[{"start":{"line":211,"column":12},"end":{"line":214,"column":13}},{"start":{"line":211,"column":12},"end":{"line":214,"column":13}}],"line":211},"14":{"loc":{"start":{"line":269,"column":4},"end":{"line":271,"column":5}},"type":"if","locations":[{"start":{"line":269,"column":4},"end":{"line":271,"column":5}},{"start":{"line":269,"column":4},"end":{"line":271,"column":5}}],"line":269}},"s":{"0":4,"1":4,"2":4,"3":4,"4":4,"5":4,"6":4,"7":4,"8":4,"9":4,"10":4,"11":4,"12":4,"13":4,"14":4,"15":4,"16":44,"17":4,"18":0,"19":0,"20":4,"21":4,"22":4,"23":4,"24":4,"25":4,"26":4,"27":4,"28":2,"29":2,"30":4,"31":4,"32":4,"33":4,"34":4,"35":4,"36":4,"37":4,"38":0,"39":4,"40":4,"41":4,"42":4,"43":4,"44":4,"45":4,"46":4,"47":4,"48":4,"49":4,"50":4,"51":4,"52":4,"53":0,"54":0,"55":5,"56":5,"57":0,"58":5,"59":25,"60":7,"61":7,"62":5,"63":2,"64":1,"65":0,"66":1,"67":0,"68":1,"69":1,"70":0,"71":0,"72":4,"73":2,"74":2,"75":4,"76":4,"77":4,"78":4,"79":0,"80":4,"81":24,"82":50,"83":18,"84":4,"85":0,"86":0,"87":4,"88":4,"89":4,"90":0,"91":4,"92":44,"93":24,"94":4,"95":0,"96":0,"97":13,"98":13,"99":13,"100":13,"101":13,"102":41,"103":41,"104":77,"105":41,"106":41,"107":13,"108":13,"109":13,"110":13,"111":13,"112":60,"113":13,"114":63,"115":41,"116":13,"117":13,"118":13,"119":13,"120":13,"121":13,"122":13,"123":13,"124":13,"125":13,"126":13,"127":13,"128":13,"129":52,"130":4},"f":{"0":4,"1":44,"2":4,"3":4,"4":4,"5":5,"6":25,"7":7,"8":4,"9":24,"10":50,"11":4,"12":44,"13":13,"14":13,"15":77,"16":13,"17":60,"18":63,"19":13,"20":13,"21":52},"b":{"0":[2,2],"1":[0,4],"2":[0,5],"3":[7,0],"4":[0,1],"5":[0,1],"6":[1,0],"7":[0,0],"8":[2,2],"9":[0,4],"10":[18,32],"11":[50,18],"12":[0,4],"13":[24,20],"14":[41,22]},"_coverageSchema":"1a1c01bbd47fc00a2c39e90264f33305004495a9","hash":"4bc35da3981461ddc83d6ecd5c39de097bbdafb4"}
,"C:\\Users\\Nathan\\Desktop\\M5\\Lost-Pet-Finder\\backend\\src\\util\\colourFunctions.js": {"path":"C:\\Users\\Nathan\\Desktop\\M5\\Lost-Pet-Finder\\backend\\src\\util\\colourFunctions.js","statementMap":{"0":{"start":{"line":3,"column":12},"end":{"line":3,"column":39}},"1":{"start":{"line":4,"column":20},"end":{"line":4,"column":35}},"2":{"start":{"line":5,"column":11},"end":{"line":5,"column":17}},"3":{"start":{"line":7,"column":15},"end":{"line":7,"column":43}},"4":{"start":{"line":8,"column":13},"end":{"line":8,"column":28}},"5":{"start":{"line":9,"column":19},"end":{"line":9,"column":41}},"6":{"start":{"line":12,"column":4},"end":{"line":100,"column":5}},"7":{"start":{"line":13,"column":34},"end":{"line":21,"column":9}},"8":{"start":{"line":23,"column":36},"end":{"line":23,"column":95}},"9":{"start":{"line":24,"column":22},"end":{"line":24,"column":86}},"10":{"start":{"line":26,"column":21},"end":{"line":26,"column":37}},"11":{"start":{"line":28,"column":30},"end":{"line":28,"column":48}},"12":{"start":{"line":29,"column":25},"end":{"line":29,"column":46}},"13":{"start":{"line":30,"column":26},"end":{"line":30,"column":48}},"14":{"start":{"line":32,"column":24},"end":{"line":32,"column":50}},"15":{"start":{"line":39,"column":8},"end":{"line":39,"column":18}},"16":{"start":{"line":42,"column":8},"end":{"line":47,"column":10}},"17":{"start":{"line":43,"column":12},"end":{"line":46,"column":14}},"18":{"start":{"line":44,"column":16},"end":{"line":44,"column":42}},"19":{"start":{"line":45,"column":16},"end":{"line":45,"column":24}},"20":{"start":{"line":48,"column":8},"end":{"line":50,"column":9}},"21":{"start":{"line":52,"column":23},"end":{"line":52,"column":45}},"22":{"start":{"line":53,"column":24},"end":{"line":53,"column":48}},"23":{"start":{"line":55,"column":22},"end":{"line":55,"column":68}},"24":{"start":{"line":56,"column":22},"end":{"line":56,"column":24}},"25":{"start":{"line":57,"column":16},"end":{"line":63,"column":10}},"26":{"start":{"line":58,"column":12},"end":{"line":58,"column":66}},"27":{"start":{"line":59,"column":12},"end":{"line":62,"column":15}},"28":{"start":{"line":60,"column":16},"end":{"line":60,"column":34}},"29":{"start":{"line":60,"column":24},"end":{"line":60,"column":34}},"30":{"start":{"line":61,"column":16},"end":{"line":61,"column":30}},"31":{"start":{"line":65,"column":19},"end":{"line":65,"column":42}},"32":{"start":{"line":73,"column":26},"end":{"line":73,"column":83}},"33":{"start":{"line":74,"column":21},"end":{"line":74,"column":43}},"34":{"start":{"line":75,"column":21},"end":{"line":75,"column":43}},"35":{"start":{"line":76,"column":21},"end":{"line":76,"column":43}},"36":{"start":{"line":78,"column":20},"end":{"line":78,"column":64}},"37":{"start":{"line":79,"column":20},"end":{"line":79,"column":64}},"38":{"start":{"line":80,"column":20},"end":{"line":80,"column":64}},"39":{"start":{"line":82,"column":28},"end":{"line":82,"column":30}},"40":{"start":{"line":83,"column":8},"end":{"line":83,"column":101}},"41":{"start":{"line":84,"column":8},"end":{"line":84,"column":101}},"42":{"start":{"line":85,"column":8},"end":{"line":85,"column":101}},"43":{"start":{"line":89,"column":33},"end":{"line":93,"column":9}},"44":{"start":{"line":95,"column":8},"end":{"line":95,"column":31}},"45":{"start":{"line":97,"column":8},"end":{"line":97,"column":25}},"46":{"start":{"line":99,"column":8},"end":{"line":99,"column":20}},"47":{"start":{"line":103,"column":0},"end":{"line":105,"column":2}}},"fnMap":{"0":{"name":"getColour","decl":{"start":{"line":11,"column":15},"end":{"line":11,"column":24}},"loc":{"start":{"line":11,"column":47},"end":{"line":101,"column":1}},"line":11},"1":{"name":"(anonymous_1)","decl":{"start":{"line":42,"column":43},"end":{"line":42,"column":44}},"loc":{"start":{"line":42,"column":52},"end":{"line":47,"column":9}},"line":42},"2":{"name":"(anonymous_2)","decl":{"start":{"line":43,"column":36},"end":{"line":43,"column":37}},"loc":{"start":{"line":43,"column":48},"end":{"line":46,"column":13}},"line":43},"3":{"name":"(anonymous_3)","decl":{"start":{"line":57,"column":49},"end":{"line":57,"column":50}},"loc":{"start":{"line":57,"column":56},"end":{"line":63,"column":9}},"line":57},"4":{"name":"(anonymous_4)","decl":{"start":{"line":59,"column":42},"end":{"line":59,"column":43}},"loc":{"start":{"line":59,"column":56},"end":{"line":62,"column":13}},"line":59}},"branchMap":{"0":{"loc":{"start":{"line":48,"column":8},"end":{"line":50,"column":9}},"type":"if","locations":[{"start":{"line":48,"column":8},"end":{"line":50,"column":9}},{"start":{"line":48,"column":8},"end":{"line":50,"column":9}}],"line":48},"1":{"loc":{"start":{"line":60,"column":16},"end":{"line":60,"column":34}},"type":"if","locations":[{"start":{"line":60,"column":16},"end":{"line":60,"column":34}},{"start":{"line":60,"column":16},"end":{"line":60,"column":34}}],"line":60}},"s":{"0":3,"1":3,"2":3,"3":3,"4":3,"5":3,"6":9,"7":9,"8":9,"9":8,"10":8,"11":8,"12":8,"13":8,"14":8,"15":8,"16":8,"17":63,"18":9,"19":9,"20":8,"21":8,"22":8,"23":8,"24":8,"25":8,"26":8,"27":8,"28":8,"29":0,"30":8,"31":8,"32":8,"33":8,"34":8,"35":8,"36":8,"37":8,"38":8,"39":8,"40":8,"41":8,"42":8,"43":8,"44":8,"45":1,"46":1,"47":3},"f":{"0":9,"1":63,"2":9,"3":8,"4":8},"b":{"0":[1,7],"1":[0,8]},"_coverageSchema":"1a1c01bbd47fc00a2c39e90264f33305004495a9","hash":"9c76c33952cb956f16e52cb71f2b3e599dfee4f9"}
,"C:\\Users\\Nathan\\Desktop\\M5\\Lost-Pet-Finder\\backend\\src\\util\\firebaseAdmin.js": {"path":"C:\\Users\\Nathan\\Desktop\\M5\\Lost-Pet-Finder\\backend\\src\\util\\firebaseAdmin.js","statementMap":{"0":{"start":{"line":1,"column":12},"end":{"line":1,"column":37}},"1":{"start":{"line":3,"column":26},"end":{"line":3,"column":67}},"2":{"start":{"line":5,"column":0},"end":{"line":8,"column":3}},"3":{"start":{"line":10,"column":0},"end":{"line":10,"column":49}},"4":{"start":{"line":12,"column":0},"end":{"line":12,"column":23}}},"fnMap":{},"branchMap":{},"s":{"0":4,"1":4,"2":4,"3":4,"4":4},"f":{},"b":{},"_coverageSchema":"1a1c01bbd47fc00a2c39e90264f33305004495a9","hash":"1c7cd71b4dd760b6e9cbdc7fcb84aa876242a94b"}
}
