{"D:\\main\\2020fall\\321\\actual project\\Lost-Pet-Finder\\backend\\src\\app.js": {"path":"D:\\main\\2020fall\\321\\actual project\\Lost-Pet-Finder\\backend\\src\\app.js","statementMap":{"0":{"start":{"line":5,"column":16},"end":{"line":5,"column":34}},"1":{"start":{"line":8,"column":15},"end":{"line":8,"column":32}},"2":{"start":{"line":9,"column":0},"end":{"line":9,"column":16}},"3":{"start":{"line":12,"column":18},"end":{"line":12,"column":44}},"4":{"start":{"line":13,"column":15},"end":{"line":13,"column":46}},"5":{"start":{"line":15,"column":12},"end":{"line":15,"column":39}},"6":{"start":{"line":16,"column":21},"end":{"line":16,"column":39}},"7":{"start":{"line":17,"column":27},"end":{"line":17,"column":45}},"8":{"start":{"line":20,"column":19},"end":{"line":20,"column":50}},"9":{"start":{"line":21,"column":19},"end":{"line":21,"column":50}},"10":{"start":{"line":22,"column":20},"end":{"line":22,"column":59}},"11":{"start":{"line":25,"column":13},"end":{"line":25,"column":17}},"12":{"start":{"line":26,"column":12},"end":{"line":26,"column":21}},"13":{"start":{"line":27,"column":0},"end":{"line":27,"column":24}},"14":{"start":{"line":29,"column":13},"end":{"line":31,"column":2}},"15":{"start":{"line":30,"column":1},"end":{"line":30,"column":51}},"16":{"start":{"line":34,"column":0},"end":{"line":36,"column":3}},"17":{"start":{"line":35,"column":1},"end":{"line":35,"column":57}},"18":{"start":{"line":38,"column":0},"end":{"line":38,"column":29}},"19":{"start":{"line":39,"column":0},"end":{"line":39,"column":29}},"20":{"start":{"line":40,"column":0},"end":{"line":40,"column":31}},"21":{"start":{"line":42,"column":0},"end":{"line":71,"column":3}},"22":{"start":{"line":43,"column":1},"end":{"line":70,"column":2}},"23":{"start":{"line":44,"column":17},"end":{"line":44,"column":18}},"24":{"start":{"line":48,"column":3},"end":{"line":48,"column":168}},"25":{"start":{"line":49,"column":20},"end":{"line":49,"column":26}},"26":{"start":{"line":50,"column":19},"end":{"line":50,"column":26}},"27":{"start":{"line":52,"column":18},"end":{"line":61,"column":3}},"28":{"start":{"line":63,"column":19},"end":{"line":65,"column":44}},"29":{"start":{"line":66,"column":2},"end":{"line":66,"column":19}},"30":{"start":{"line":68,"column":2},"end":{"line":68,"column":21}},"31":{"start":{"line":69,"column":2},"end":{"line":69,"column":41}},"32":{"start":{"line":74,"column":0},"end":{"line":74,"column":32}},"33":{"start":{"line":75,"column":0},"end":{"line":75,"column":31}},"34":{"start":{"line":78,"column":1},"end":{"line":87,"column":4}},"35":{"start":{"line":79,"column":2},"end":{"line":83,"column":3}},"36":{"start":{"line":80,"column":3},"end":{"line":80,"column":20}},"37":{"start":{"line":82,"column":3},"end":{"line":82,"column":52}},"38":{"start":{"line":85,"column":2},"end":{"line":85,"column":42}},"39":{"start":{"line":86,"column":2},"end":{"line":86,"column":17}},"40":{"start":{"line":90,"column":0},"end":{"line":90,"column":24}}},"fnMap":{"0":{"name":"(anonymous_0)","decl":{"start":{"line":29,"column":30},"end":{"line":29,"column":31}},"loc":{"start":{"line":29,"column":36},"end":{"line":31,"column":1}},"line":29},"1":{"name":"(anonymous_1)","decl":{"start":{"line":34,"column":13},"end":{"line":34,"column":14}},"loc":{"start":{"line":34,"column":27},"end":{"line":36,"column":1}},"line":34},"2":{"name":"(anonymous_2)","decl":{"start":{"line":42,"column":25},"end":{"line":42,"column":26}},"loc":{"start":{"line":42,"column":45},"end":{"line":71,"column":1}},"line":42},"3":{"name":"shutdown","decl":{"start":{"line":77,"column":9},"end":{"line":77,"column":17}},"loc":{"start":{"line":77,"column":20},"end":{"line":88,"column":1}},"line":77},"4":{"name":"(anonymous_4)","decl":{"start":{"line":78,"column":9},"end":{"line":78,"column":10}},"loc":{"start":{"line":78,"column":16},"end":{"line":87,"column":2}},"line":78}},"branchMap":{"0":{"loc":{"start":{"line":79,"column":2},"end":{"line":83,"column":3}},"type":"if","locations":[{"start":{"line":79,"column":2},"end":{"line":83,"column":3}},{"start":{"line":79,"column":2},"end":{"line":83,"column":3}}],"line":79}},"s":{"0":6,"1":6,"2":6,"3":6,"4":6,"5":6,"6":6,"7":6,"8":6,"9":6,"10":6,"11":6,"12":6,"13":6,"14":6,"15":6,"16":6,"17":0,"18":6,"19":6,"20":6,"21":6,"22":0,"23":0,"24":0,"25":0,"26":0,"27":0,"28":0,"29":0,"30":0,"31":0,"32":6,"33":6,"34":0,"35":0,"36":0,"37":0,"38":0,"39":0,"40":6},"f":{"0":6,"1":0,"2":0,"3":0,"4":0},"b":{"0":[0,0]},"_coverageSchema":"1a1c01bbd47fc00a2c39e90264f33305004495a9","hash":"f302fe5a6bec5c21be5daa55ec1537a3c554fda0"}
,"D:\\main\\2020fall\\321\\actual project\\Lost-Pet-Finder\\backend\\src\\aws\\awsClient.js": {"path":"D:\\main\\2020fall\\321\\actual project\\Lost-Pet-Finder\\backend\\src\\aws\\awsClient.js","statementMap":{"0":{"start":{"line":4,"column":10},"end":{"line":4,"column":28}},"1":{"start":{"line":6,"column":15},"end":{"line":10,"column":2}},"2":{"start":{"line":12,"column":26},"end":{"line":12,"column":47}},"3":{"start":{"line":14,"column":17},"end":{"line":18,"column":2}},"4":{"start":{"line":20,"column":0},"end":{"line":23,"column":2}}},"fnMap":{},"branchMap":{},"s":{"0":6,"1":6,"2":6,"3":6,"4":6},"f":{},"b":{},"_coverageSchema":"1a1c01bbd47fc00a2c39e90264f33305004495a9","hash":"432569f2e19ac4dec9f12d6ba6adfdc9b132e8c5"}
,"D:\\main\\2020fall\\321\\actual project\\Lost-Pet-Finder\\backend\\src\\controllers\\notificationController.js": {"path":"D:\\main\\2020fall\\321\\actual project\\Lost-Pet-Finder\\backend\\src\\controllers\\notificationController.js","statementMap":{"0":{"start":{"line":1,"column":16},"end":{"line":1,"column":44}},"1":{"start":{"line":2,"column":15},"end":{"line":2,"column":47}},"2":{"start":{"line":5,"column":16},"end":{"line":5,"column":31}},"3":{"start":{"line":6,"column":15},"end":{"line":6,"column":35}},"4":{"start":{"line":8,"column":1},"end":{"line":19,"column":2}},"5":{"start":{"line":9,"column":15},"end":{"line":12,"column":4}},"6":{"start":{"line":13,"column":22},"end":{"line":13,"column":29}},"7":{"start":{"line":15,"column":2},"end":{"line":15,"column":36}},"8":{"start":{"line":17,"column":2},"end":{"line":17,"column":21}},"9":{"start":{"line":18,"column":2},"end":{"line":18,"column":41}},"10":{"start":{"line":23,"column":16},"end":{"line":23,"column":31}},"11":{"start":{"line":25,"column":1},"end":{"line":33,"column":2}},"12":{"start":{"line":26,"column":15},"end":{"line":26,"column":77}},"13":{"start":{"line":27,"column":22},"end":{"line":27,"column":29}},"14":{"start":{"line":29,"column":2},"end":{"line":29,"column":36}},"15":{"start":{"line":31,"column":2},"end":{"line":31,"column":21}},"16":{"start":{"line":32,"column":2},"end":{"line":32,"column":41}},"17":{"start":{"line":37,"column":16},"end":{"line":37,"column":31}},"18":{"start":{"line":38,"column":18},"end":{"line":38,"column":35}},"19":{"start":{"line":40,"column":1},"end":{"line":74,"column":2}},"20":{"start":{"line":41,"column":2},"end":{"line":41,"column":76}},"21":{"start":{"line":43,"column":18},"end":{"line":45,"column":4}},"22":{"start":{"line":46,"column":22},"end":{"line":46,"column":48}},"23":{"start":{"line":48,"column":26},"end":{"line":51,"column":3}},"24":{"start":{"line":52,"column":22},"end":{"line":52,"column":43}},"25":{"start":{"line":54,"column":2},"end":{"line":54,"column":30}},"26":{"start":{"line":55,"column":2},"end":{"line":55,"column":27}},"27":{"start":{"line":57,"column":18},"end":{"line":66,"column":3}},"28":{"start":{"line":68,"column":2},"end":{"line":68,"column":62}},"29":{"start":{"line":70,"column":2},"end":{"line":70,"column":32}},"30":{"start":{"line":72,"column":2},"end":{"line":72,"column":21}},"31":{"start":{"line":73,"column":2},"end":{"line":73,"column":41}},"32":{"start":{"line":78,"column":16},"end":{"line":78,"column":31}},"33":{"start":{"line":79,"column":21},"end":{"line":79,"column":41}},"34":{"start":{"line":80,"column":18},"end":{"line":80,"column":35}},"35":{"start":{"line":82,"column":1},"end":{"line":130,"column":2}},"36":{"start":{"line":83,"column":2},"end":{"line":124,"column":3}},"37":{"start":{"line":84,"column":3},"end":{"line":87,"column":6}},"38":{"start":{"line":90,"column":19},"end":{"line":92,"column":5}},"39":{"start":{"line":93,"column":23},"end":{"line":93,"column":33}},"40":{"start":{"line":94,"column":3},"end":{"line":97,"column":4}},"41":{"start":{"line":95,"column":4},"end":{"line":95,"column":66}},"42":{"start":{"line":96,"column":4},"end":{"line":96,"column":11}},"43":{"start":{"line":99,"column":23},"end":{"line":99,"column":49}},"44":{"start":{"line":101,"column":27},"end":{"line":104,"column":4}},"45":{"start":{"line":105,"column":23},"end":{"line":105,"column":44}},"46":{"start":{"line":107,"column":19},"end":{"line":116,"column":4}},"47":{"start":{"line":118,"column":3},"end":{"line":118,"column":63}},"48":{"start":{"line":120,"column":3},"end":{"line":123,"column":6}},"49":{"start":{"line":126,"column":2},"end":{"line":126,"column":32}},"50":{"start":{"line":128,"column":2},"end":{"line":128,"column":21}},"51":{"start":{"line":129,"column":2},"end":{"line":129,"column":41}},"52":{"start":{"line":134,"column":16},"end":{"line":134,"column":31}},"53":{"start":{"line":136,"column":1},"end":{"line":146,"column":2}},"54":{"start":{"line":137,"column":15},"end":{"line":139,"column":4}},"55":{"start":{"line":140,"column":22},"end":{"line":140,"column":29}},"56":{"start":{"line":142,"column":2},"end":{"line":142,"column":36}},"57":{"start":{"line":144,"column":2},"end":{"line":144,"column":21}},"58":{"start":{"line":145,"column":2},"end":{"line":145,"column":41}},"59":{"start":{"line":150,"column":16},"end":{"line":150,"column":31}},"60":{"start":{"line":152,"column":1},"end":{"line":160,"column":2}},"61":{"start":{"line":153,"column":15},"end":{"line":153,"column":76}},"62":{"start":{"line":154,"column":22},"end":{"line":154,"column":29}},"63":{"start":{"line":156,"column":2},"end":{"line":156,"column":36}},"64":{"start":{"line":158,"column":2},"end":{"line":158,"column":21}},"65":{"start":{"line":159,"column":2},"end":{"line":159,"column":41}},"66":{"start":{"line":170,"column":0},"end":{"line":178,"column":2}}},"fnMap":{"0":{"name":"uploadDeviceToken","decl":{"start":{"line":4,"column":15},"end":{"line":4,"column":32}},"loc":{"start":{"line":4,"column":43},"end":{"line":20,"column":1}},"line":4},"1":{"name":"getUserDeviceToken","decl":{"start":{"line":22,"column":15},"end":{"line":22,"column":33}},"loc":{"start":{"line":22,"column":44},"end":{"line":34,"column":1}},"line":22},"2":{"name":"sendContactRequest","decl":{"start":{"line":36,"column":15},"end":{"line":36,"column":33}},"loc":{"start":{"line":36,"column":44},"end":{"line":75,"column":1}},"line":36},"3":{"name":"respondToContactRequest","decl":{"start":{"line":77,"column":15},"end":{"line":77,"column":38}},"loc":{"start":{"line":77,"column":49},"end":{"line":131,"column":1}},"line":77},"4":{"name":"getMyPendingRequests","decl":{"start":{"line":133,"column":15},"end":{"line":133,"column":35}},"loc":{"start":{"line":133,"column":46},"end":{"line":147,"column":1}},"line":133},"5":{"name":"getMySentRequests","decl":{"start":{"line":149,"column":15},"end":{"line":149,"column":32}},"loc":{"start":{"line":149,"column":43},"end":{"line":161,"column":1}},"line":149}},"branchMap":{"0":{"loc":{"start":{"line":83,"column":2},"end":{"line":124,"column":3}},"type":"if","locations":[{"start":{"line":83,"column":2},"end":{"line":124,"column":3}},{"start":{"line":83,"column":2},"end":{"line":124,"column":3}}],"line":83},"1":{"loc":{"start":{"line":94,"column":3},"end":{"line":97,"column":4}},"type":"if","locations":[{"start":{"line":94,"column":3},"end":{"line":97,"column":4}},{"start":{"line":94,"column":3},"end":{"line":97,"column":4}}],"line":94},"2":{"loc":{"start":{"line":94,"column":7},"end":{"line":94,"column":53}},"type":"binary-expr","locations":[{"start":{"line":94,"column":7},"end":{"line":94,"column":26}},{"start":{"line":94,"column":30},"end":{"line":94,"column":53}}],"line":94}},"s":{"0":6,"1":6,"2":2,"3":2,"4":2,"5":2,"6":2,"7":1,"8":1,"9":1,"10":2,"11":2,"12":2,"13":2,"14":1,"15":1,"16":1,"17":0,"18":0,"19":0,"20":0,"21":0,"22":0,"23":0,"24":0,"25":0,"26":0,"27":0,"28":0,"29":0,"30":0,"31":0,"32":0,"33":0,"34":0,"35":0,"36":0,"37":0,"38":0,"39":0,"40":0,"41":0,"42":0,"43":0,"44":0,"45":0,"46":0,"47":0,"48":0,"49":0,"50":0,"51":0,"52":2,"53":2,"54":2,"55":2,"56":1,"57":1,"58":1,"59":2,"60":2,"61":2,"62":2,"63":1,"64":1,"65":1,"66":6},"f":{"0":2,"1":2,"2":0,"3":0,"4":2,"5":2},"b":{"0":[0,0],"1":[0,0],"2":[0,0]},"_coverageSchema":"1a1c01bbd47fc00a2c39e90264f33305004495a9","hash":"55f7beb98aa138b21d2a2479040f731f0fdbecc3"}
,"D:\\main\\2020fall\\321\\actual project\\Lost-Pet-Finder\\backend\\src\\controllers\\petsController.js": {"path":"D:\\main\\2020fall\\321\\actual project\\Lost-Pet-Finder\\backend\\src\\controllers\\petsController.js","statementMap":{"0":{"start":{"line":1,"column":21},"end":{"line":1,"column":52}},"1":{"start":{"line":2,"column":24},"end":{"line":2,"column":58}},"2":{"start":{"line":3,"column":18},"end":{"line":3,"column":43}},"3":{"start":{"line":4,"column":16},"end":{"line":4,"column":44}},"4":{"start":{"line":9,"column":14},"end":{"line":9,"column":29}},"5":{"start":{"line":11,"column":1},"end":{"line":113,"column":2}},"6":{"start":{"line":12,"column":23},"end":{"line":15,"column":3}},"7":{"start":{"line":16,"column":2},"end":{"line":16,"column":28}},"8":{"start":{"line":17,"column":21},"end":{"line":17,"column":39}},"9":{"start":{"line":19,"column":19},"end":{"line":19,"column":46}},"10":{"start":{"line":20,"column":20},"end":{"line":20,"column":49}},"11":{"start":{"line":21,"column":17},"end":{"line":21,"column":39}},"12":{"start":{"line":22,"column":17},"end":{"line":22,"column":38}},"13":{"start":{"line":23,"column":17},"end":{"line":23,"column":38}},"14":{"start":{"line":25,"column":25},"end":{"line":25,"column":76}},"15":{"start":{"line":26,"column":21},"end":{"line":26,"column":38}},"16":{"start":{"line":28,"column":17},"end":{"line":28,"column":19}},"17":{"start":{"line":30,"column":2},"end":{"line":60,"column":3}},"18":{"start":{"line":30,"column":15},"end":{"line":30,"column":16}},"19":{"start":{"line":31,"column":23},"end":{"line":31,"column":53}},"20":{"start":{"line":32,"column":24},"end":{"line":32,"column":56}},"21":{"start":{"line":33,"column":21},"end":{"line":33,"column":46}},"22":{"start":{"line":34,"column":21},"end":{"line":34,"column":45}},"23":{"start":{"line":35,"column":21},"end":{"line":35,"column":45}},"24":{"start":{"line":37,"column":29},"end":{"line":40,"column":4}},"25":{"start":{"line":41,"column":23},"end":{"line":41,"column":75}},"26":{"start":{"line":42,"column":21},"end":{"line":42,"column":65}},"27":{"start":{"line":43,"column":25},"end":{"line":48,"column":4}},"28":{"start":{"line":52,"column":3},"end":{"line":59,"column":6}},"29":{"start":{"line":62,"column":24},"end":{"line":62,"column":57}},"30":{"start":{"line":63,"column":2},"end":{"line":67,"column":3}},"31":{"start":{"line":63,"column":15},"end":{"line":63,"column":16}},"32":{"start":{"line":64,"column":3},"end":{"line":66,"column":4}},"33":{"start":{"line":65,"column":4},"end":{"line":65,"column":56}},"34":{"start":{"line":69,"column":18},"end":{"line":69,"column":45}},"35":{"start":{"line":70,"column":2},"end":{"line":74,"column":3}},"36":{"start":{"line":70,"column":15},"end":{"line":70,"column":16}},"37":{"start":{"line":71,"column":3},"end":{"line":73,"column":4}},"38":{"start":{"line":72,"column":4},"end":{"line":72,"column":44}},"39":{"start":{"line":76,"column":16},"end":{"line":76,"column":41}},"40":{"start":{"line":77,"column":2},"end":{"line":81,"column":3}},"41":{"start":{"line":77,"column":15},"end":{"line":77,"column":16}},"42":{"start":{"line":78,"column":3},"end":{"line":80,"column":4}},"43":{"start":{"line":79,"column":4},"end":{"line":79,"column":40}},"44":{"start":{"line":83,"column":20},"end":{"line":83,"column":49}},"45":{"start":{"line":84,"column":2},"end":{"line":88,"column":3}},"46":{"start":{"line":84,"column":15},"end":{"line":84,"column":16}},"47":{"start":{"line":85,"column":3},"end":{"line":87,"column":4}},"48":{"start":{"line":86,"column":4},"end":{"line":86,"column":48}},"49":{"start":{"line":90,"column":2},"end":{"line":103,"column":3}},"50":{"start":{"line":90,"column":15},"end":{"line":90,"column":16}},"51":{"start":{"line":91,"column":3},"end":{"line":91,"column":56}},"52":{"start":{"line":92,"column":3},"end":{"line":93,"column":58}},"53":{"start":{"line":94,"column":3},"end":{"line":95,"column":52}},"54":{"start":{"line":96,"column":3},"end":{"line":97,"column":64}},"55":{"start":{"line":98,"column":3},"end":{"line":102,"column":34}},"56":{"start":{"line":105,"column":2},"end":{"line":107,"column":5}},"57":{"start":{"line":106,"column":3},"end":{"line":106,"column":46}},"58":{"start":{"line":109,"column":2},"end":{"line":109,"column":33}},"59":{"start":{"line":111,"column":2},"end":{"line":111,"column":21}},"60":{"start":{"line":112,"column":2},"end":{"line":112,"column":41}},"61":{"start":{"line":119,"column":16},"end":{"line":119,"column":31}},"62":{"start":{"line":120,"column":18},"end":{"line":120,"column":35}},"63":{"start":{"line":121,"column":20},"end":{"line":121,"column":39}},"64":{"start":{"line":122,"column":20},"end":{"line":122,"column":39}},"65":{"start":{"line":123,"column":14},"end":{"line":123,"column":27}},"66":{"start":{"line":125,"column":12},"end":{"line":128,"column":2}},"67":{"start":{"line":130,"column":1},"end":{"line":173,"column":2}},"68":{"start":{"line":131,"column":16},"end":{"line":131,"column":51}},"69":{"start":{"line":133,"column":2},"end":{"line":133,"column":54}},"70":{"start":{"line":134,"column":2},"end":{"line":134,"column":48}},"71":{"start":{"line":136,"column":2},"end":{"line":138,"column":3}},"72":{"start":{"line":137,"column":3},"end":{"line":137,"column":38}},"73":{"start":{"line":140,"column":19},"end":{"line":140,"column":51}},"74":{"start":{"line":141,"column":2},"end":{"line":143,"column":3}},"75":{"start":{"line":142,"column":3},"end":{"line":142,"column":44}},"76":{"start":{"line":144,"column":23},"end":{"line":148,"column":3}},"77":{"start":{"line":151,"column":24},"end":{"line":151,"column":47}},"78":{"start":{"line":152,"column":29},"end":{"line":152,"column":57}},"79":{"start":{"line":154,"column":2},"end":{"line":154,"column":29}},"80":{"start":{"line":156,"column":19},"end":{"line":167,"column":3}},"81":{"start":{"line":169,"column":2},"end":{"line":169,"column":36}},"82":{"start":{"line":171,"column":2},"end":{"line":171,"column":21}},"83":{"start":{"line":172,"column":2},"end":{"line":172,"column":41}},"84":{"start":{"line":177,"column":14},"end":{"line":177,"column":29}},"85":{"start":{"line":179,"column":1},"end":{"line":279,"column":2}},"86":{"start":{"line":180,"column":23},"end":{"line":182,"column":4}},"87":{"start":{"line":183,"column":21},"end":{"line":183,"column":39}},"88":{"start":{"line":185,"column":19},"end":{"line":185,"column":46}},"89":{"start":{"line":186,"column":20},"end":{"line":186,"column":49}},"90":{"start":{"line":187,"column":17},"end":{"line":187,"column":39}},"91":{"start":{"line":188,"column":17},"end":{"line":188,"column":38}},"92":{"start":{"line":189,"column":17},"end":{"line":189,"column":38}},"93":{"start":{"line":191,"column":25},"end":{"line":191,"column":77}},"94":{"start":{"line":192,"column":21},"end":{"line":192,"column":38}},"95":{"start":{"line":194,"column":17},"end":{"line":194,"column":19}},"96":{"start":{"line":196,"column":2},"end":{"line":226,"column":3}},"97":{"start":{"line":196,"column":15},"end":{"line":196,"column":16}},"98":{"start":{"line":197,"column":23},"end":{"line":197,"column":53}},"99":{"start":{"line":198,"column":24},"end":{"line":198,"column":56}},"100":{"start":{"line":199,"column":21},"end":{"line":199,"column":46}},"101":{"start":{"line":200,"column":21},"end":{"line":200,"column":45}},"102":{"start":{"line":201,"column":21},"end":{"line":201,"column":45}},"103":{"start":{"line":203,"column":29},"end":{"line":206,"column":4}},"104":{"start":{"line":207,"column":23},"end":{"line":207,"column":75}},"105":{"start":{"line":208,"column":21},"end":{"line":208,"column":65}},"106":{"start":{"line":209,"column":25},"end":{"line":214,"column":4}},"107":{"start":{"line":218,"column":3},"end":{"line":225,"column":6}},"108":{"start":{"line":228,"column":24},"end":{"line":228,"column":57}},"109":{"start":{"line":229,"column":2},"end":{"line":233,"column":3}},"110":{"start":{"line":229,"column":15},"end":{"line":229,"column":16}},"111":{"start":{"line":230,"column":3},"end":{"line":232,"column":4}},"112":{"start":{"line":231,"column":4},"end":{"line":231,"column":56}},"113":{"start":{"line":235,"column":18},"end":{"line":235,"column":45}},"114":{"start":{"line":236,"column":2},"end":{"line":240,"column":3}},"115":{"start":{"line":236,"column":15},"end":{"line":236,"column":16}},"116":{"start":{"line":237,"column":3},"end":{"line":239,"column":4}},"117":{"start":{"line":238,"column":4},"end":{"line":238,"column":44}},"118":{"start":{"line":242,"column":16},"end":{"line":242,"column":41}},"119":{"start":{"line":243,"column":2},"end":{"line":247,"column":3}},"120":{"start":{"line":243,"column":15},"end":{"line":243,"column":16}},"121":{"start":{"line":244,"column":3},"end":{"line":246,"column":4}},"122":{"start":{"line":245,"column":4},"end":{"line":245,"column":40}},"123":{"start":{"line":249,"column":20},"end":{"line":249,"column":49}},"124":{"start":{"line":250,"column":2},"end":{"line":254,"column":3}},"125":{"start":{"line":250,"column":15},"end":{"line":250,"column":16}},"126":{"start":{"line":251,"column":3},"end":{"line":253,"column":4}},"127":{"start":{"line":252,"column":4},"end":{"line":252,"column":48}},"128":{"start":{"line":256,"column":2},"end":{"line":269,"column":3}},"129":{"start":{"line":256,"column":15},"end":{"line":256,"column":16}},"130":{"start":{"line":257,"column":3},"end":{"line":257,"column":56}},"131":{"start":{"line":258,"column":3},"end":{"line":259,"column":58}},"132":{"start":{"line":260,"column":3},"end":{"line":261,"column":52}},"133":{"start":{"line":262,"column":3},"end":{"line":263,"column":64}},"134":{"start":{"line":264,"column":3},"end":{"line":268,"column":34}},"135":{"start":{"line":271,"column":2},"end":{"line":273,"column":5}},"136":{"start":{"line":272,"column":3},"end":{"line":272,"column":46}},"137":{"start":{"line":275,"column":2},"end":{"line":275,"column":33}},"138":{"start":{"line":277,"column":2},"end":{"line":277,"column":21}},"139":{"start":{"line":278,"column":2},"end":{"line":278,"column":41}},"140":{"start":{"line":285,"column":16},"end":{"line":285,"column":31}},"141":{"start":{"line":286,"column":18},"end":{"line":286,"column":35}},"142":{"start":{"line":287,"column":20},"end":{"line":287,"column":39}},"143":{"start":{"line":288,"column":20},"end":{"line":288,"column":39}},"144":{"start":{"line":289,"column":14},"end":{"line":289,"column":27}},"145":{"start":{"line":291,"column":12},"end":{"line":294,"column":2}},"146":{"start":{"line":296,"column":1},"end":{"line":339,"column":2}},"147":{"start":{"line":297,"column":16},"end":{"line":297,"column":51}},"148":{"start":{"line":299,"column":2},"end":{"line":299,"column":54}},"149":{"start":{"line":300,"column":2},"end":{"line":300,"column":48}},"150":{"start":{"line":302,"column":2},"end":{"line":304,"column":3}},"151":{"start":{"line":303,"column":3},"end":{"line":303,"column":38}},"152":{"start":{"line":306,"column":19},"end":{"line":306,"column":51}},"153":{"start":{"line":307,"column":2},"end":{"line":309,"column":3}},"154":{"start":{"line":308,"column":3},"end":{"line":308,"column":44}},"155":{"start":{"line":310,"column":23},"end":{"line":314,"column":3}},"156":{"start":{"line":317,"column":24},"end":{"line":317,"column":47}},"157":{"start":{"line":318,"column":29},"end":{"line":318,"column":57}},"158":{"start":{"line":320,"column":2},"end":{"line":320,"column":29}},"159":{"start":{"line":322,"column":19},"end":{"line":333,"column":3}},"160":{"start":{"line":335,"column":2},"end":{"line":335,"column":36}},"161":{"start":{"line":337,"column":2},"end":{"line":337,"column":21}},"162":{"start":{"line":338,"column":2},"end":{"line":338,"column":41}},"163":{"start":{"line":342,"column":0},"end":{"line":347,"column":2}}},"fnMap":{"0":{"name":"searchLostPets","decl":{"start":{"line":8,"column":15},"end":{"line":8,"column":29}},"loc":{"start":{"line":8,"column":40},"end":{"line":114,"column":1}},"line":8},"1":{"name":"(anonymous_1)","decl":{"start":{"line":105,"column":16},"end":{"line":105,"column":17}},"loc":{"start":{"line":105,"column":26},"end":{"line":107,"column":3}},"line":105},"2":{"name":"postLostPets","decl":{"start":{"line":117,"column":15},"end":{"line":117,"column":27}},"loc":{"start":{"line":117,"column":38},"end":{"line":174,"column":1}},"line":117},"3":{"name":"searchFoundPets","decl":{"start":{"line":176,"column":15},"end":{"line":176,"column":30}},"loc":{"start":{"line":176,"column":41},"end":{"line":280,"column":1}},"line":176},"4":{"name":"(anonymous_4)","decl":{"start":{"line":271,"column":16},"end":{"line":271,"column":17}},"loc":{"start":{"line":271,"column":26},"end":{"line":273,"column":3}},"line":271},"5":{"name":"postFoundPets","decl":{"start":{"line":283,"column":15},"end":{"line":283,"column":28}},"loc":{"start":{"line":283,"column":39},"end":{"line":340,"column":1}},"line":283}},"branchMap":{"0":{"loc":{"start":{"line":64,"column":3},"end":{"line":66,"column":4}},"type":"if","locations":[{"start":{"line":64,"column":3},"end":{"line":66,"column":4}},{"start":{"line":64,"column":3},"end":{"line":66,"column":4}}],"line":64},"1":{"loc":{"start":{"line":71,"column":3},"end":{"line":73,"column":4}},"type":"if","locations":[{"start":{"line":71,"column":3},"end":{"line":73,"column":4}},{"start":{"line":71,"column":3},"end":{"line":73,"column":4}}],"line":71},"2":{"loc":{"start":{"line":78,"column":3},"end":{"line":80,"column":4}},"type":"if","locations":[{"start":{"line":78,"column":3},"end":{"line":80,"column":4}},{"start":{"line":78,"column":3},"end":{"line":80,"column":4}}],"line":78},"3":{"loc":{"start":{"line":85,"column":3},"end":{"line":87,"column":4}},"type":"if","locations":[{"start":{"line":85,"column":3},"end":{"line":87,"column":4}},{"start":{"line":85,"column":3},"end":{"line":87,"column":4}}],"line":85},"4":{"loc":{"start":{"line":136,"column":2},"end":{"line":138,"column":3}},"type":"if","locations":[{"start":{"line":136,"column":2},"end":{"line":138,"column":3}},{"start":{"line":136,"column":2},"end":{"line":138,"column":3}}],"line":136},"5":{"loc":{"start":{"line":141,"column":2},"end":{"line":143,"column":3}},"type":"if","locations":[{"start":{"line":141,"column":2},"end":{"line":143,"column":3}},{"start":{"line":141,"column":2},"end":{"line":143,"column":3}}],"line":141},"6":{"loc":{"start":{"line":230,"column":3},"end":{"line":232,"column":4}},"type":"if","locations":[{"start":{"line":230,"column":3},"end":{"line":232,"column":4}},{"start":{"line":230,"column":3},"end":{"line":232,"column":4}}],"line":230},"7":{"loc":{"start":{"line":237,"column":3},"end":{"line":239,"column":4}},"type":"if","locations":[{"start":{"line":237,"column":3},"end":{"line":239,"column":4}},{"start":{"line":237,"column":3},"end":{"line":239,"column":4}}],"line":237},"8":{"loc":{"start":{"line":244,"column":3},"end":{"line":246,"column":4}},"type":"if","locations":[{"start":{"line":244,"column":3},"end":{"line":246,"column":4}},{"start":{"line":244,"column":3},"end":{"line":246,"column":4}}],"line":244},"9":{"loc":{"start":{"line":251,"column":3},"end":{"line":253,"column":4}},"type":"if","locations":[{"start":{"line":251,"column":3},"end":{"line":253,"column":4}},{"start":{"line":251,"column":3},"end":{"line":253,"column":4}}],"line":251},"10":{"loc":{"start":{"line":302,"column":2},"end":{"line":304,"column":3}},"type":"if","locations":[{"start":{"line":302,"column":2},"end":{"line":304,"column":3}},{"start":{"line":302,"column":2},"end":{"line":304,"column":3}}],"line":302},"11":{"loc":{"start":{"line":307,"column":2},"end":{"line":309,"column":3}},"type":"if","locations":[{"start":{"line":307,"column":2},"end":{"line":309,"column":3}},{"start":{"line":307,"column":2},"end":{"line":309,"column":3}}],"line":307}},"s":{"0":6,"1":6,"2":6,"3":6,"4":3,"5":3,"6":3,"7":3,"8":3,"9":2,"10":2,"11":2,"12":2,"13":2,"14":2,"15":2,"16":2,"17":2,"18":2,"19":9,"20":9,"21":9,"22":9,"23":9,"24":9,"25":9,"26":9,"27":9,"28":9,"29":2,"30":2,"31":2,"32":9,"33":2,"34":2,"35":2,"36":2,"37":9,"38":1,"39":2,"40":2,"41":2,"42":9,"43":1,"44":2,"45":2,"46":2,"47":9,"48":2,"49":2,"50":2,"51":9,"52":9,"53":9,"54":9,"55":9,"56":2,"57":12,"58":2,"59":1,"60":1,"61":3,"62":3,"63":3,"64":3,"65":3,"66":3,"67":3,"68":3,"69":3,"70":3,"71":3,"72":0,"73":3,"74":3,"75":0,"76":3,"77":3,"78":3,"79":3,"80":3,"81":3,"82":1,"83":1,"84":3,"85":3,"86":3,"87":3,"88":2,"89":2,"90":2,"91":2,"92":2,"93":2,"94":2,"95":2,"96":2,"97":2,"98":12,"99":12,"100":12,"101":12,"102":12,"103":12,"104":12,"105":12,"106":12,"107":12,"108":2,"109":2,"110":2,"111":12,"112":0,"113":2,"114":2,"115":2,"116":12,"117":3,"118":2,"119":2,"120":2,"121":12,"122":2,"123":2,"124":2,"125":2,"126":12,"127":3,"128":2,"129":2,"130":12,"131":12,"132":12,"133":12,"134":12,"135":2,"136":23,"137":2,"138":1,"139":1,"140":3,"141":3,"142":3,"143":3,"144":3,"145":3,"146":3,"147":3,"148":3,"149":3,"150":3,"151":0,"152":3,"153":3,"154":0,"155":3,"156":3,"157":3,"158":3,"159":3,"160":3,"161":1,"162":1,"163":6},"f":{"0":3,"1":12,"2":3,"3":3,"4":23,"5":3},"b":{"0":[2,7],"1":[1,8],"2":[1,8],"3":[2,7],"4":[0,3],"5":[0,3],"6":[0,12],"7":[3,9],"8":[2,10],"9":[3,9],"10":[0,3],"11":[0,3]},"_coverageSchema":"1a1c01bbd47fc00a2c39e90264f33305004495a9","hash":"dd3fa254a039713b2853a7f3d8ab0302b4b35223"}
,"D:\\main\\2020fall\\321\\actual project\\Lost-Pet-Finder\\backend\\src\\controllers\\userController.js": {"path":"D:\\main\\2020fall\\321\\actual project\\Lost-Pet-Finder\\backend\\src\\controllers\\userController.js","statementMap":{"0":{"start":{"line":1,"column":16},"end":{"line":1,"column":44}},"1":{"start":{"line":4,"column":14},"end":{"line":4,"column":31}},"2":{"start":{"line":6,"column":1},"end":{"line":13,"column":2}},"3":{"start":{"line":7,"column":15},"end":{"line":7,"column":77}},"4":{"start":{"line":8,"column":15},"end":{"line":8,"column":22}},"5":{"start":{"line":9,"column":2},"end":{"line":9,"column":29}},"6":{"start":{"line":11,"column":2},"end":{"line":11,"column":21}},"7":{"start":{"line":12,"column":2},"end":{"line":12,"column":41}},"8":{"start":{"line":17,"column":17},"end":{"line":17,"column":35}},"9":{"start":{"line":18,"column":11},"end":{"line":18,"column":23}},"10":{"start":{"line":19,"column":15},"end":{"line":19,"column":31}},"11":{"start":{"line":20,"column":17},"end":{"line":20,"column":35}},"12":{"start":{"line":22,"column":1},"end":{"line":33,"column":2}},"13":{"start":{"line":23,"column":19},"end":{"line":28,"column":4}},"14":{"start":{"line":29,"column":2},"end":{"line":29,"column":36}},"15":{"start":{"line":31,"column":2},"end":{"line":31,"column":19}},"16":{"start":{"line":32,"column":2},"end":{"line":32,"column":33}},"17":{"start":{"line":37,"column":11},"end":{"line":37,"column":23}},"18":{"start":{"line":39,"column":1},"end":{"line":49,"column":2}},"19":{"start":{"line":40,"column":19},"end":{"line":40,"column":75}},"20":{"start":{"line":42,"column":23},"end":{"line":42,"column":45}},"21":{"start":{"line":43,"column":2},"end":{"line":43,"column":24}},"22":{"start":{"line":44,"column":2},"end":{"line":44,"column":28}},"23":{"start":{"line":45,"column":2},"end":{"line":45,"column":37}},"24":{"start":{"line":47,"column":2},"end":{"line":47,"column":21}},"25":{"start":{"line":48,"column":2},"end":{"line":48,"column":49}},"26":{"start":{"line":52,"column":0},"end":{"line":56,"column":2}}},"fnMap":{"0":{"name":"getUserContactInfo","decl":{"start":{"line":3,"column":15},"end":{"line":3,"column":33}},"loc":{"start":{"line":3,"column":44},"end":{"line":14,"column":1}},"line":3},"1":{"name":"createNewUser","decl":{"start":{"line":16,"column":15},"end":{"line":16,"column":28}},"loc":{"start":{"line":16,"column":39},"end":{"line":34,"column":1}},"line":16},"2":{"name":"getUserIdNumber","decl":{"start":{"line":36,"column":15},"end":{"line":36,"column":30}},"loc":{"start":{"line":36,"column":41},"end":{"line":50,"column":1}},"line":36}},"branchMap":{},"s":{"0":6,"1":2,"2":2,"3":2,"4":2,"5":1,"6":1,"7":1,"8":2,"9":2,"10":2,"11":2,"12":2,"13":2,"14":2,"15":1,"16":1,"17":2,"18":2,"19":2,"20":2,"21":1,"22":1,"23":1,"24":5,"25":1,"26":2},"f":{"0":2,"1":2,"2":2},"b":{},"_coverageSchema":"1a1c01bbd47fc00a2c39e90264f33305004495a9","hash":"c6c1662becf23ee213f44f68493d2fab53f3c902"}
,"D:\\main\\2020fall\\321\\actual project\\Lost-Pet-Finder\\backend\\src\\routers\\notificationRouter.js": {"path":"D:\\main\\2020fall\\321\\actual project\\Lost-Pet-Finder\\backend\\src\\routers\\notificationRouter.js","statementMap":{"0":{"start":{"line":2,"column":16},"end":{"line":2,"column":34}},"1":{"start":{"line":3,"column":31},"end":{"line":3,"column":79}},"2":{"start":{"line":6,"column":15},"end":{"line":6,"column":31}},"3":{"start":{"line":8,"column":0},"end":{"line":10,"column":3}},"4":{"start":{"line":9,"column":1},"end":{"line":9,"column":59}},"5":{"start":{"line":12,"column":0},"end":{"line":12,"column":76}},"6":{"start":{"line":13,"column":0},"end":{"line":13,"column":77}},"7":{"start":{"line":15,"column":0},"end":{"line":15,"column":78}},"8":{"start":{"line":16,"column":0},"end":{"line":16,"column":88}},"9":{"start":{"line":17,"column":0},"end":{"line":17,"column":76}},"10":{"start":{"line":18,"column":0},"end":{"line":18,"column":70}},"11":{"start":{"line":20,"column":0},"end":{"line":20,"column":24}}},"fnMap":{"0":{"name":"(anonymous_0)","decl":{"start":{"line":8,"column":16},"end":{"line":8,"column":17}},"loc":{"start":{"line":8,"column":30},"end":{"line":10,"column":1}},"line":8}},"branchMap":{},"s":{"0":6,"1":6,"2":6,"3":6,"4":1,"5":6,"6":6,"7":6,"8":6,"9":6,"10":6,"11":6},"f":{"0":1},"b":{},"_coverageSchema":"1a1c01bbd47fc00a2c39e90264f33305004495a9","hash":"fc372912b96521440ccb8e26c0edf44893860e13"}
,"D:\\main\\2020fall\\321\\actual project\\Lost-Pet-Finder\\backend\\src\\routers\\petsRouter.js": {"path":"D:\\main\\2020fall\\321\\actual project\\Lost-Pet-Finder\\backend\\src\\routers\\petsRouter.js","statementMap":{"0":{"start":{"line":2,"column":16},"end":{"line":2,"column":34}},"1":{"start":{"line":3,"column":23},"end":{"line":3,"column":63}},"2":{"start":{"line":6,"column":15},"end":{"line":6,"column":31}},"3":{"start":{"line":8,"column":0},"end":{"line":10,"column":3}},"4":{"start":{"line":9,"column":1},"end":{"line":9,"column":51}},"5":{"start":{"line":12,"column":0},"end":{"line":12,"column":61}},"6":{"start":{"line":13,"column":0},"end":{"line":13,"column":58}},"7":{"start":{"line":14,"column":0},"end":{"line":14,"column":63}},"8":{"start":{"line":15,"column":0},"end":{"line":15,"column":60}},"9":{"start":{"line":17,"column":0},"end":{"line":17,"column":24}}},"fnMap":{"0":{"name":"(anonymous_0)","decl":{"start":{"line":8,"column":16},"end":{"line":8,"column":17}},"loc":{"start":{"line":8,"column":30},"end":{"line":10,"column":1}},"line":8}},"branchMap":{},"s":{"0":6,"1":6,"2":6,"3":6,"4":1,"5":6,"6":6,"7":6,"8":6,"9":6},"f":{"0":1},"b":{},"_coverageSchema":"1a1c01bbd47fc00a2c39e90264f33305004495a9","hash":"4a94288d09aedb541e2b0fae0d630553a2814e40"}
,"D:\\main\\2020fall\\321\\actual project\\Lost-Pet-Finder\\backend\\src\\routers\\userRouter.js": {"path":"D:\\main\\2020fall\\321\\actual project\\Lost-Pet-Finder\\backend\\src\\routers\\userRouter.js","statementMap":{"0":{"start":{"line":2,"column":16},"end":{"line":2,"column":34}},"1":{"start":{"line":3,"column":23},"end":{"line":3,"column":63}},"2":{"start":{"line":6,"column":15},"end":{"line":6,"column":31}},"3":{"start":{"line":8,"column":0},"end":{"line":10,"column":3}},"4":{"start":{"line":9,"column":1},"end":{"line":9,"column":51}},"5":{"start":{"line":12,"column":0},"end":{"line":12,"column":77}},"6":{"start":{"line":13,"column":0},"end":{"line":13,"column":60}},"7":{"start":{"line":14,"column":0},"end":{"line":14,"column":63}},"8":{"start":{"line":15,"column":0},"end":{"line":15,"column":24}}},"fnMap":{"0":{"name":"(anonymous_0)","decl":{"start":{"line":8,"column":16},"end":{"line":8,"column":17}},"loc":{"start":{"line":8,"column":30},"end":{"line":10,"column":1}},"line":8}},"branchMap":{},"s":{"0":6,"1":6,"2":6,"3":6,"4":1,"5":6,"6":6,"7":6,"8":6},"f":{"0":1},"b":{},"_coverageSchema":"1a1c01bbd47fc00a2c39e90264f33305004495a9","hash":"3ccf609dc94f7d64bdcb334e8211bb6724e294d2"}
,"D:\\main\\2020fall\\321\\actual project\\Lost-Pet-Finder\\backend\\src\\sql\\connection.js": {"path":"D:\\main\\2020fall\\321\\actual project\\Lost-Pet-Finder\\backend\\src\\sql\\connection.js","statementMap":{"0":{"start":{"line":1,"column":14},"end":{"line":1,"column":30}},"1":{"start":{"line":2,"column":13},"end":{"line":2,"column":28}},"2":{"start":{"line":4,"column":13},"end":{"line":11,"column":2}},"3":{"start":{"line":14,"column":0},"end":{"line":24,"column":3}},"4":{"start":{"line":15,"column":1},"end":{"line":19,"column":2}},"5":{"start":{"line":16,"column":2},"end":{"line":16,"column":21}},"6":{"start":{"line":18,"column":2},"end":{"line":18,"column":48}},"7":{"start":{"line":21,"column":1},"end":{"line":23,"column":2}},"8":{"start":{"line":22,"column":2},"end":{"line":22,"column":23}},"9":{"start":{"line":27,"column":0},"end":{"line":27,"column":40}},"10":{"start":{"line":29,"column":0},"end":{"line":29,"column":22}}},"fnMap":{"0":{"name":"(anonymous_0)","decl":{"start":{"line":14,"column":19},"end":{"line":14,"column":20}},"loc":{"start":{"line":14,"column":40},"end":{"line":24,"column":1}},"line":14}},"branchMap":{"0":{"loc":{"start":{"line":6,"column":7},"end":{"line":6,"column":34}},"type":"binary-expr","locations":[{"start":{"line":6,"column":7},"end":{"line":6,"column":26}},{"start":{"line":6,"column":30},"end":{"line":6,"column":34}}],"line":6},"1":{"loc":{"start":{"line":15,"column":1},"end":{"line":19,"column":2}},"type":"if","locations":[{"start":{"line":15,"column":1},"end":{"line":19,"column":2}},{"start":{"line":15,"column":1},"end":{"line":19,"column":2}}],"line":15},"2":{"loc":{"start":{"line":21,"column":1},"end":{"line":23,"column":2}},"type":"if","locations":[{"start":{"line":21,"column":1},"end":{"line":23,"column":2}},{"start":{"line":21,"column":1},"end":{"line":23,"column":2}}],"line":21}},"s":{"0":3,"1":3,"2":3,"3":3,"4":3,"5":0,"6":3,"7":3,"8":3,"9":3,"10":3},"f":{"0":3},"b":{"0":[3,0],"1":[0,3],"2":[3,0]},"_coverageSchema":"1a1c01bbd47fc00a2c39e90264f33305004495a9","hash":"a98db690dfb6de86d84feafab370237b1b683985"}
,"D:\\main\\2020fall\\321\\actual project\\Lost-Pet-Finder\\backend\\src\\tests\\awsFunctionsTestVariable.js": {"path":"D:\\main\\2020fall\\321\\actual project\\Lost-Pet-Finder\\backend\\src\\tests\\awsFunctionsTestVariable.js","statementMap":{"0":{"start":{"line":1,"column":24},"end":{"line":78,"column":1}},"1":{"start":{"line":80,"column":0},"end":{"line":80,"column":42}}},"fnMap":{},"branchMap":{},"s":{"0":1,"1":1},"f":{},"b":{},"_coverageSchema":"1a1c01bbd47fc00a2c39e90264f33305004495a9","hash":"e9b9670c2354ed4a3e07479f4a991d9907ea8d84"}
,"D:\\main\\2020fall\\321\\actual project\\Lost-Pet-Finder\\backend\\src\\tests\\integrationTestVariables.js": {"path":"D:\\main\\2020fall\\321\\actual project\\Lost-Pet-Finder\\backend\\src\\tests\\integrationTestVariables.js","statementMap":{"0":{"start":{"line":1,"column":20},"end":{"line":71,"column":1}},"1":{"start":{"line":73,"column":21},"end":{"line":174,"column":1}},"2":{"start":{"line":176,"column":29},"end":{"line":188,"column":1}},"3":{"start":{"line":190,"column":30},"end":{"line":202,"column":1}},"4":{"start":{"line":204,"column":0},"end":{"line":204,"column":36}},"5":{"start":{"line":205,"column":0},"end":{"line":205,"column":34}},"6":{"start":{"line":206,"column":0},"end":{"line":206,"column":54}},"7":{"start":{"line":207,"column":0},"end":{"line":207,"column":52}}},"fnMap":{},"branchMap":{},"s":{"0":1,"1":1,"2":1,"3":1,"4":1,"5":1,"6":1,"7":1},"f":{},"b":{},"_coverageSchema":"1a1c01bbd47fc00a2c39e90264f33305004495a9","hash":"abb352a26a5202a0087c8bd72ce86718cac2e553"}
,"D:\\main\\2020fall\\321\\actual project\\Lost-Pet-Finder\\backend\\src\\tests\\testVariables.js": {"path":"D:\\main\\2020fall\\321\\actual project\\Lost-Pet-Finder\\backend\\src\\tests\\testVariables.js","statementMap":{"0":{"start":{"line":1,"column":20},"end":{"line":43,"column":1}},"1":{"start":{"line":45,"column":21},"end":{"line":94,"column":1}},"2":{"start":{"line":96,"column":28},"end":{"line":172,"column":1}},"3":{"start":{"line":174,"column":29},"end":{"line":265,"column":1}},"4":{"start":{"line":267,"column":29},"end":{"line":291,"column":1}},"5":{"start":{"line":292,"column":30},"end":{"line":316,"column":1}},"6":{"start":{"line":318,"column":25},"end":{"line":342,"column":1}},"7":{"start":{"line":344,"column":26},"end":{"line":369,"column":1}},"8":{"start":{"line":371,"column":27},"end":{"line":431,"column":1}},"9":{"start":{"line":433,"column":28},"end":{"line":501,"column":1}},"10":{"start":{"line":503,"column":0},"end":{"line":503,"column":36}},"11":{"start":{"line":504,"column":0},"end":{"line":504,"column":34}},"12":{"start":{"line":505,"column":0},"end":{"line":505,"column":52}},"13":{"start":{"line":506,"column":0},"end":{"line":506,"column":50}},"14":{"start":{"line":507,"column":0},"end":{"line":507,"column":52}},"15":{"start":{"line":508,"column":0},"end":{"line":508,"column":54}},"16":{"start":{"line":509,"column":0},"end":{"line":509,"column":44}},"17":{"start":{"line":510,"column":0},"end":{"line":510,"column":46}},"18":{"start":{"line":511,"column":0},"end":{"line":511,"column":48}},"19":{"start":{"line":512,"column":0},"end":{"line":512,"column":50}}},"fnMap":{},"branchMap":{},"s":{"0":3,"1":3,"2":3,"3":3,"4":3,"5":3,"6":3,"7":3,"8":3,"9":3,"10":3,"11":3,"12":3,"13":3,"14":3,"15":3,"16":3,"17":3,"18":3,"19":3},"f":{},"b":{},"_coverageSchema":"1a1c01bbd47fc00a2c39e90264f33305004495a9","hash":"8ddf96cf2e10def13147531a8e38ad799490cdae"}
,"D:\\main\\2020fall\\321\\actual project\\Lost-Pet-Finder\\backend\\src\\util\\awsFunctions.js": {"path":"D:\\main\\2020fall\\321\\actual project\\Lost-Pet-Finder\\backend\\src\\util\\awsFunctions.js","statementMap":{"0":{"start":{"line":2,"column":12},"end":{"line":2,"column":39}},"1":{"start":{"line":3,"column":20},"end":{"line":3,"column":35}},"2":{"start":{"line":4,"column":11},"end":{"line":4,"column":17}},"3":{"start":{"line":6,"column":15},"end":{"line":6,"column":43}},"4":{"start":{"line":7,"column":13},"end":{"line":7,"column":28}},"5":{"start":{"line":8,"column":19},"end":{"line":8,"column":41}},"6":{"start":{"line":9,"column":17},"end":{"line":9,"column":37}},"7":{"start":{"line":13,"column":0},"end":{"line":20,"column":2}},"8":{"start":{"line":23,"column":0},"end":{"line":30,"column":2}},"9":{"start":{"line":33,"column":20},"end":{"line":33,"column":35}},"10":{"start":{"line":34,"column":18},"end":{"line":34,"column":31}},"11":{"start":{"line":36,"column":16},"end":{"line":44,"column":2}},"12":{"start":{"line":46,"column":1},"end":{"line":60,"column":2}},"13":{"start":{"line":47,"column":19},"end":{"line":47,"column":67}},"14":{"start":{"line":49,"column":23},"end":{"line":49,"column":25}},"15":{"start":{"line":51,"column":2},"end":{"line":53,"column":5}},"16":{"start":{"line":52,"column":3},"end":{"line":52,"column":30}},"17":{"start":{"line":55,"column":2},"end":{"line":55,"column":24}},"18":{"start":{"line":57,"column":2},"end":{"line":57,"column":19}},"19":{"start":{"line":59,"column":2},"end":{"line":59,"column":14}},"20":{"start":{"line":65,"column":1},"end":{"line":130,"column":2}},"21":{"start":{"line":66,"column":16},"end":{"line":68,"column":13}},"22":{"start":{"line":69,"column":14},"end":{"line":69,"column":30}},"23":{"start":{"line":72,"column":24},"end":{"line":72,"column":42}},"24":{"start":{"line":73,"column":2},"end":{"line":73,"column":37}},"25":{"start":{"line":74,"column":2},"end":{"line":74,"column":39}},"26":{"start":{"line":76,"column":2},"end":{"line":76,"column":43}},"27":{"start":{"line":81,"column":2},"end":{"line":82,"column":22}},"28":{"start":{"line":81,"column":41},"end":{"line":81,"column":68}},"29":{"start":{"line":82,"column":7},"end":{"line":82,"column":22}},"30":{"start":{"line":85,"column":2},"end":{"line":85,"column":36}},"31":{"start":{"line":86,"column":2},"end":{"line":86,"column":39}},"32":{"start":{"line":88,"column":2},"end":{"line":88,"column":59}},"33":{"start":{"line":89,"column":2},"end":{"line":89,"column":15}},"34":{"start":{"line":90,"column":2},"end":{"line":96,"column":5}},"35":{"start":{"line":91,"column":3},"end":{"line":91,"column":57}},"36":{"start":{"line":92,"column":3},"end":{"line":95,"column":6}},"37":{"start":{"line":93,"column":4},"end":{"line":93,"column":23}},"38":{"start":{"line":93,"column":13},"end":{"line":93,"column":23}},"39":{"start":{"line":94,"column":4},"end":{"line":94,"column":18}},"40":{"start":{"line":98,"column":2},"end":{"line":98,"column":38}},"41":{"start":{"line":102,"column":2},"end":{"line":102,"column":72}},"42":{"start":{"line":103,"column":2},"end":{"line":103,"column":40}},"43":{"start":{"line":104,"column":2},"end":{"line":104,"column":40}},"44":{"start":{"line":105,"column":2},"end":{"line":105,"column":40}},"45":{"start":{"line":107,"column":2},"end":{"line":107,"column":70}},"46":{"start":{"line":108,"column":2},"end":{"line":108,"column":70}},"47":{"start":{"line":109,"column":2},"end":{"line":109,"column":70}},"48":{"start":{"line":112,"column":2},"end":{"line":112,"column":17}},"49":{"start":{"line":113,"column":2},"end":{"line":116,"column":4}},"50":{"start":{"line":117,"column":2},"end":{"line":120,"column":4}},"51":{"start":{"line":121,"column":2},"end":{"line":124,"column":4}},"52":{"start":{"line":126,"column":2},"end":{"line":126,"column":36}},"53":{"start":{"line":128,"column":2},"end":{"line":128,"column":19}},"54":{"start":{"line":129,"column":2},"end":{"line":129,"column":14}},"55":{"start":{"line":140,"column":13},"end":{"line":140,"column":15}},"56":{"start":{"line":141,"column":1},"end":{"line":143,"column":2}},"57":{"start":{"line":142,"column":2},"end":{"line":142,"column":15}},"58":{"start":{"line":144,"column":1},"end":{"line":150,"column":4}},"59":{"start":{"line":145,"column":2},"end":{"line":149,"column":5}},"60":{"start":{"line":146,"column":3},"end":{"line":148,"column":4}},"61":{"start":{"line":147,"column":4},"end":{"line":147,"column":37}},"62":{"start":{"line":152,"column":1},"end":{"line":167,"column":2}},"63":{"start":{"line":153,"column":2},"end":{"line":166,"column":3}},"64":{"start":{"line":154,"column":3},"end":{"line":156,"column":4}},"65":{"start":{"line":155,"column":4},"end":{"line":155,"column":20}},"66":{"start":{"line":157,"column":3},"end":{"line":159,"column":4}},"67":{"start":{"line":158,"column":4},"end":{"line":158,"column":20}},"68":{"start":{"line":160,"column":3},"end":{"line":162,"column":4}},"69":{"start":{"line":161,"column":4},"end":{"line":161,"column":20}},"70":{"start":{"line":163,"column":3},"end":{"line":165,"column":4}},"71":{"start":{"line":164,"column":4},"end":{"line":164,"column":20}},"72":{"start":{"line":169,"column":1},"end":{"line":169,"column":37}},"73":{"start":{"line":169,"column":24},"end":{"line":169,"column":37}},"74":{"start":{"line":171,"column":1},"end":{"line":171,"column":44}},"75":{"start":{"line":177,"column":16},"end":{"line":177,"column":34}},"76":{"start":{"line":178,"column":1},"end":{"line":178,"column":10}},"77":{"start":{"line":179,"column":1},"end":{"line":181,"column":2}},"78":{"start":{"line":180,"column":2},"end":{"line":180,"column":13}},"79":{"start":{"line":182,"column":1},"end":{"line":188,"column":4}},"80":{"start":{"line":183,"column":2},"end":{"line":187,"column":5}},"81":{"start":{"line":184,"column":3},"end":{"line":186,"column":4}},"82":{"start":{"line":185,"column":4},"end":{"line":185,"column":20}},"83":{"start":{"line":189,"column":1},"end":{"line":189,"column":12}},"84":{"start":{"line":194,"column":1},"end":{"line":194,"column":10}},"85":{"start":{"line":195,"column":1},"end":{"line":197,"column":2}},"86":{"start":{"line":196,"column":2},"end":{"line":196,"column":13}},"87":{"start":{"line":198,"column":1},"end":{"line":202,"column":4}},"88":{"start":{"line":199,"column":2},"end":{"line":201,"column":3}},"89":{"start":{"line":200,"column":3},"end":{"line":200,"column":19}},"90":{"start":{"line":203,"column":1},"end":{"line":203,"column":12}},"91":{"start":{"line":211,"column":1},"end":{"line":215,"column":3}},"92":{"start":{"line":216,"column":1},"end":{"line":216,"column":14}},"93":{"start":{"line":221,"column":1},"end":{"line":221,"column":50}},"94":{"start":{"line":223,"column":1},"end":{"line":223,"column":13}},"95":{"start":{"line":225,"column":1},"end":{"line":232,"column":2}},"96":{"start":{"line":226,"column":2},"end":{"line":226,"column":21}},"97":{"start":{"line":227,"column":2},"end":{"line":229,"column":5}},"98":{"start":{"line":228,"column":3},"end":{"line":228,"column":21}},"99":{"start":{"line":230,"column":2},"end":{"line":230,"column":45}},"100":{"start":{"line":231,"column":2},"end":{"line":231,"column":24}},"101":{"start":{"line":233,"column":1},"end":{"line":233,"column":30}},"102":{"start":{"line":235,"column":1},"end":{"line":235,"column":14}},"103":{"start":{"line":243,"column":15},"end":{"line":243,"column":17}},"104":{"start":{"line":244,"column":1},"end":{"line":244,"column":19}},"105":{"start":{"line":246,"column":1},"end":{"line":248,"column":4}},"106":{"start":{"line":247,"column":2},"end":{"line":247,"column":33}},"107":{"start":{"line":250,"column":1},"end":{"line":254,"column":4}},"108":{"start":{"line":251,"column":2},"end":{"line":253,"column":3}},"109":{"start":{"line":252,"column":3},"end":{"line":252,"column":27}},"110":{"start":{"line":256,"column":1},"end":{"line":256,"column":21}},"111":{"start":{"line":260,"column":1},"end":{"line":260,"column":29}},"112":{"start":{"line":261,"column":1},"end":{"line":261,"column":29}},"113":{"start":{"line":263,"column":1},"end":{"line":263,"column":51}},"114":{"start":{"line":265,"column":1},"end":{"line":265,"column":13}},"115":{"start":{"line":270,"column":9},"end":{"line":270,"column":13}},"116":{"start":{"line":271,"column":12},"end":{"line":271,"column":34}},"117":{"start":{"line":272,"column":12},"end":{"line":272,"column":34}},"118":{"start":{"line":274,"column":2},"end":{"line":278,"column":21}},"119":{"start":{"line":279,"column":9},"end":{"line":279,"column":55}},"120":{"start":{"line":280,"column":9},"end":{"line":280,"column":14}},"121":{"start":{"line":281,"column":1},"end":{"line":281,"column":10}},"122":{"start":{"line":285,"column":1},"end":{"line":285,"column":30}},"123":{"start":{"line":289,"column":0},"end":{"line":311,"column":2}}},"fnMap":{"0":{"name":"getAWSTags","decl":{"start":{"line":32,"column":15},"end":{"line":32,"column":25}},"loc":{"start":{"line":32,"column":32},"end":{"line":61,"column":1}},"line":32},"1":{"name":"(anonymous_1)","decl":{"start":{"line":51,"column":26},"end":{"line":51,"column":27}},"loc":{"start":{"line":51,"column":35},"end":{"line":53,"column":3}},"line":51},"2":{"name":"getColour","decl":{"start":{"line":64,"column":15},"end":{"line":64,"column":24}},"loc":{"start":{"line":64,"column":57},"end":{"line":131,"column":1}},"line":64},"3":{"name":"(anonymous_3)","decl":{"start":{"line":90,"column":39},"end":{"line":90,"column":40}},"loc":{"start":{"line":90,"column":46},"end":{"line":96,"column":3}},"line":90},"4":{"name":"(anonymous_4)","decl":{"start":{"line":92,"column":33},"end":{"line":92,"column":34}},"loc":{"start":{"line":92,"column":47},"end":{"line":95,"column":4}},"line":92},"5":{"name":"validBoxes","decl":{"start":{"line":139,"column":9},"end":{"line":139,"column":19}},"loc":{"start":{"line":139,"column":29},"end":{"line":172,"column":1}},"line":139},"6":{"name":"(anonymous_6)","decl":{"start":{"line":144,"column":17},"end":{"line":144,"column":18}},"loc":{"start":{"line":144,"column":26},"end":{"line":150,"column":2}},"line":144},"7":{"name":"(anonymous_7)","decl":{"start":{"line":145,"column":26},"end":{"line":145,"column":27}},"loc":{"start":{"line":145,"column":38},"end":{"line":149,"column":3}},"line":145},"8":{"name":"filterForPets","decl":{"start":{"line":176,"column":9},"end":{"line":176,"column":22}},"loc":{"start":{"line":176,"column":32},"end":{"line":190,"column":1}},"line":176},"9":{"name":"(anonymous_9)","decl":{"start":{"line":182,"column":17},"end":{"line":182,"column":18}},"loc":{"start":{"line":182,"column":26},"end":{"line":188,"column":2}},"line":182},"10":{"name":"(anonymous_10)","decl":{"start":{"line":183,"column":24},"end":{"line":183,"column":25}},"loc":{"start":{"line":183,"column":34},"end":{"line":187,"column":3}},"line":183},"11":{"name":"filterForConfidence","decl":{"start":{"line":193,"column":9},"end":{"line":193,"column":28}},"loc":{"start":{"line":193,"column":38},"end":{"line":204,"column":1}},"line":193},"12":{"name":"(anonymous_12)","decl":{"start":{"line":198,"column":17},"end":{"line":198,"column":18}},"loc":{"start":{"line":198,"column":26},"end":{"line":202,"column":2}},"line":198},"13":{"name":"getColourScore","decl":{"start":{"line":209,"column":9},"end":{"line":209,"column":23}},"loc":{"start":{"line":209,"column":42},"end":{"line":217,"column":1}},"line":209},"14":{"name":"getIntersectionScore","decl":{"start":{"line":220,"column":9},"end":{"line":220,"column":29}},"loc":{"start":{"line":220,"column":48},"end":{"line":236,"column":1}},"line":220},"15":{"name":"(anonymous_15)","decl":{"start":{"line":227,"column":34},"end":{"line":227,"column":35}},"loc":{"start":{"line":227,"column":44},"end":{"line":229,"column":3}},"line":227},"16":{"name":"getIntersection","decl":{"start":{"line":240,"column":9},"end":{"line":240,"column":24}},"loc":{"start":{"line":240,"column":43},"end":{"line":257,"column":1}},"line":240},"17":{"name":"(anonymous_17)","decl":{"start":{"line":246,"column":17},"end":{"line":246,"column":18}},"loc":{"start":{"line":246,"column":33},"end":{"line":248,"column":2}},"line":246},"18":{"name":"(anonymous_18)","decl":{"start":{"line":250,"column":17},"end":{"line":250,"column":18}},"loc":{"start":{"line":250,"column":33},"end":{"line":254,"column":2}},"line":250},"19":{"name":"getDateScore","decl":{"start":{"line":259,"column":9},"end":{"line":259,"column":21}},"loc":{"start":{"line":259,"column":36},"end":{"line":266,"column":1}},"line":259},"20":{"name":"getDistanceScore","decl":{"start":{"line":269,"column":9},"end":{"line":269,"column":25}},"loc":{"start":{"line":269,"column":54},"end":{"line":282,"column":1}},"line":269},"21":{"name":"deg2rad","decl":{"start":{"line":284,"column":9},"end":{"line":284,"column":16}},"loc":{"start":{"line":284,"column":22},"end":{"line":286,"column":1}},"line":284}},"branchMap":{"0":{"loc":{"start":{"line":81,"column":2},"end":{"line":82,"column":22}},"type":"if","locations":[{"start":{"line":81,"column":2},"end":{"line":82,"column":22}},{"start":{"line":81,"column":2},"end":{"line":82,"column":22}}],"line":81},"1":{"loc":{"start":{"line":93,"column":4},"end":{"line":93,"column":23}},"type":"if","locations":[{"start":{"line":93,"column":4},"end":{"line":93,"column":23}},{"start":{"line":93,"column":4},"end":{"line":93,"column":23}}],"line":93},"2":{"loc":{"start":{"line":141,"column":1},"end":{"line":143,"column":2}},"type":"if","locations":[{"start":{"line":141,"column":1},"end":{"line":143,"column":2}},{"start":{"line":141,"column":1},"end":{"line":143,"column":2}}],"line":141},"3":{"loc":{"start":{"line":146,"column":3},"end":{"line":148,"column":4}},"type":"if","locations":[{"start":{"line":146,"column":3},"end":{"line":148,"column":4}},{"start":{"line":146,"column":3},"end":{"line":148,"column":4}}],"line":146},"4":{"loc":{"start":{"line":154,"column":3},"end":{"line":156,"column":4}},"type":"if","locations":[{"start":{"line":154,"column":3},"end":{"line":156,"column":4}},{"start":{"line":154,"column":3},"end":{"line":156,"column":4}}],"line":154},"5":{"loc":{"start":{"line":157,"column":3},"end":{"line":159,"column":4}},"type":"if","locations":[{"start":{"line":157,"column":3},"end":{"line":159,"column":4}},{"start":{"line":157,"column":3},"end":{"line":159,"column":4}}],"line":157},"6":{"loc":{"start":{"line":160,"column":3},"end":{"line":162,"column":4}},"type":"if","locations":[{"start":{"line":160,"column":3},"end":{"line":162,"column":4}},{"start":{"line":160,"column":3},"end":{"line":162,"column":4}}],"line":160},"7":{"loc":{"start":{"line":163,"column":3},"end":{"line":165,"column":4}},"type":"if","locations":[{"start":{"line":163,"column":3},"end":{"line":165,"column":4}},{"start":{"line":163,"column":3},"end":{"line":165,"column":4}}],"line":163},"8":{"loc":{"start":{"line":169,"column":1},"end":{"line":169,"column":37}},"type":"if","locations":[{"start":{"line":169,"column":1},"end":{"line":169,"column":37}},{"start":{"line":169,"column":1},"end":{"line":169,"column":37}}],"line":169},"9":{"loc":{"start":{"line":179,"column":1},"end":{"line":181,"column":2}},"type":"if","locations":[{"start":{"line":179,"column":1},"end":{"line":181,"column":2}},{"start":{"line":179,"column":1},"end":{"line":181,"column":2}}],"line":179},"10":{"loc":{"start":{"line":184,"column":3},"end":{"line":186,"column":4}},"type":"if","locations":[{"start":{"line":184,"column":3},"end":{"line":186,"column":4}},{"start":{"line":184,"column":3},"end":{"line":186,"column":4}}],"line":184},"11":{"loc":{"start":{"line":184,"column":7},"end":{"line":184,"column":56}},"type":"binary-expr","locations":[{"start":{"line":184,"column":7},"end":{"line":184,"column":30}},{"start":{"line":184,"column":34},"end":{"line":184,"column":56}}],"line":184},"12":{"loc":{"start":{"line":195,"column":1},"end":{"line":197,"column":2}},"type":"if","locations":[{"start":{"line":195,"column":1},"end":{"line":197,"column":2}},{"start":{"line":195,"column":1},"end":{"line":197,"column":2}}],"line":195},"13":{"loc":{"start":{"line":199,"column":2},"end":{"line":201,"column":3}},"type":"if","locations":[{"start":{"line":199,"column":2},"end":{"line":201,"column":3}},{"start":{"line":199,"column":2},"end":{"line":201,"column":3}}],"line":199},"14":{"loc":{"start":{"line":251,"column":2},"end":{"line":253,"column":3}},"type":"if","locations":[{"start":{"line":251,"column":2},"end":{"line":253,"column":3}},{"start":{"line":251,"column":2},"end":{"line":253,"column":3}}],"line":251}},"s":{"0":6,"1":6,"2":6,"3":6,"4":6,"5":6,"6":6,"7":6,"8":6,"9":8,"10":8,"11":8,"12":8,"13":8,"14":7,"15":7,"16":74,"17":7,"18":1,"19":1,"20":7,"21":7,"22":6,"23":6,"24":6,"25":6,"26":6,"27":6,"28":3,"29":3,"30":6,"31":6,"32":6,"33":6,"34":6,"35":6,"36":6,"37":6,"38":0,"39":6,"40":6,"41":6,"42":6,"43":6,"44":6,"45":6,"46":6,"47":6,"48":6,"49":6,"50":6,"51":6,"52":6,"53":1,"54":1,"55":11,"56":11,"57":1,"58":10,"59":57,"60":11,"61":11,"62":10,"63":3,"64":1,"65":0,"66":1,"67":0,"68":1,"69":1,"70":0,"71":0,"72":9,"73":4,"74":5,"75":8,"76":8,"77":8,"78":1,"79":7,"80":44,"81":85,"82":32,"83":7,"84":8,"85":8,"86":1,"87":7,"88":74,"89":41,"90":7,"91":22,"92":22,"93":22,"94":22,"95":22,"96":74,"97":74,"98":145,"99":74,"100":74,"101":22,"102":22,"103":23,"104":23,"105":23,"106":108,"107":23,"108":109,"109":77,"110":23,"111":22,"112":22,"113":22,"114":22,"115":21,"116":21,"117":21,"118":21,"119":21,"120":21,"121":21,"122":84,"123":6},"f":{"0":8,"1":74,"2":7,"3":6,"4":6,"5":11,"6":57,"7":11,"8":8,"9":44,"10":85,"11":8,"12":74,"13":22,"14":22,"15":145,"16":23,"17":108,"18":109,"19":22,"20":21,"21":84},"b":{"0":[3,3],"1":[0,6],"2":[1,10],"3":[11,0],"4":[0,1],"5":[0,1],"6":[1,0],"7":[0,0],"8":[4,5],"9":[1,7],"10":[32,53],"11":[85,32],"12":[1,7],"13":[41,33],"14":[77,32]},"_coverageSchema":"1a1c01bbd47fc00a2c39e90264f33305004495a9","hash":"6594330ab190b2c1c563c1ccfe4feb39dfd6c833"}
,"D:\\main\\2020fall\\321\\actual project\\Lost-Pet-Finder\\backend\\src\\util\\colourFunctions.js": {"path":"D:\\main\\2020fall\\321\\actual project\\Lost-Pet-Finder\\backend\\src\\util\\colourFunctions.js","statementMap":{"0":{"start":{"line":3,"column":12},"end":{"line":3,"column":39}},"1":{"start":{"line":4,"column":20},"end":{"line":4,"column":35}},"2":{"start":{"line":5,"column":11},"end":{"line":5,"column":17}},"3":{"start":{"line":7,"column":15},"end":{"line":7,"column":43}},"4":{"start":{"line":8,"column":13},"end":{"line":8,"column":28}},"5":{"start":{"line":9,"column":19},"end":{"line":9,"column":41}},"6":{"start":{"line":12,"column":4},"end":{"line":100,"column":5}},"7":{"start":{"line":13,"column":34},"end":{"line":21,"column":9}},"8":{"start":{"line":23,"column":36},"end":{"line":23,"column":95}},"9":{"start":{"line":24,"column":22},"end":{"line":24,"column":86}},"10":{"start":{"line":26,"column":21},"end":{"line":26,"column":37}},"11":{"start":{"line":28,"column":30},"end":{"line":28,"column":48}},"12":{"start":{"line":29,"column":25},"end":{"line":29,"column":46}},"13":{"start":{"line":30,"column":26},"end":{"line":30,"column":48}},"14":{"start":{"line":32,"column":24},"end":{"line":32,"column":50}},"15":{"start":{"line":39,"column":8},"end":{"line":39,"column":18}},"16":{"start":{"line":42,"column":8},"end":{"line":47,"column":10}},"17":{"start":{"line":43,"column":12},"end":{"line":46,"column":14}},"18":{"start":{"line":44,"column":16},"end":{"line":44,"column":42}},"19":{"start":{"line":45,"column":16},"end":{"line":45,"column":24}},"20":{"start":{"line":48,"column":8},"end":{"line":50,"column":9}},"21":{"start":{"line":52,"column":23},"end":{"line":52,"column":45}},"22":{"start":{"line":53,"column":24},"end":{"line":53,"column":48}},"23":{"start":{"line":55,"column":22},"end":{"line":55,"column":68}},"24":{"start":{"line":56,"column":22},"end":{"line":56,"column":24}},"25":{"start":{"line":57,"column":16},"end":{"line":63,"column":10}},"26":{"start":{"line":58,"column":12},"end":{"line":58,"column":66}},"27":{"start":{"line":59,"column":12},"end":{"line":62,"column":15}},"28":{"start":{"line":60,"column":16},"end":{"line":60,"column":34}},"29":{"start":{"line":60,"column":24},"end":{"line":60,"column":34}},"30":{"start":{"line":61,"column":16},"end":{"line":61,"column":30}},"31":{"start":{"line":65,"column":19},"end":{"line":65,"column":42}},"32":{"start":{"line":73,"column":26},"end":{"line":73,"column":83}},"33":{"start":{"line":74,"column":21},"end":{"line":74,"column":43}},"34":{"start":{"line":75,"column":21},"end":{"line":75,"column":43}},"35":{"start":{"line":76,"column":21},"end":{"line":76,"column":43}},"36":{"start":{"line":78,"column":20},"end":{"line":78,"column":64}},"37":{"start":{"line":79,"column":20},"end":{"line":79,"column":64}},"38":{"start":{"line":80,"column":20},"end":{"line":80,"column":64}},"39":{"start":{"line":82,"column":28},"end":{"line":82,"column":30}},"40":{"start":{"line":83,"column":8},"end":{"line":83,"column":101}},"41":{"start":{"line":84,"column":8},"end":{"line":84,"column":101}},"42":{"start":{"line":85,"column":8},"end":{"line":85,"column":101}},"43":{"start":{"line":89,"column":33},"end":{"line":93,"column":9}},"44":{"start":{"line":95,"column":8},"end":{"line":95,"column":31}},"45":{"start":{"line":97,"column":8},"end":{"line":97,"column":25}},"46":{"start":{"line":99,"column":8},"end":{"line":99,"column":20}},"47":{"start":{"line":103,"column":0},"end":{"line":105,"column":2}}},"fnMap":{"0":{"name":"getColour","decl":{"start":{"line":11,"column":15},"end":{"line":11,"column":24}},"loc":{"start":{"line":11,"column":47},"end":{"line":101,"column":1}},"line":11},"1":{"name":"(anonymous_1)","decl":{"start":{"line":42,"column":43},"end":{"line":42,"column":44}},"loc":{"start":{"line":42,"column":52},"end":{"line":47,"column":9}},"line":42},"2":{"name":"(anonymous_2)","decl":{"start":{"line":43,"column":36},"end":{"line":43,"column":37}},"loc":{"start":{"line":43,"column":48},"end":{"line":46,"column":13}},"line":43},"3":{"name":"(anonymous_3)","decl":{"start":{"line":57,"column":49},"end":{"line":57,"column":50}},"loc":{"start":{"line":57,"column":56},"end":{"line":63,"column":9}},"line":57},"4":{"name":"(anonymous_4)","decl":{"start":{"line":59,"column":42},"end":{"line":59,"column":43}},"loc":{"start":{"line":59,"column":56},"end":{"line":62,"column":13}},"line":59}},"branchMap":{"0":{"loc":{"start":{"line":48,"column":8},"end":{"line":50,"column":9}},"type":"if","locations":[{"start":{"line":48,"column":8},"end":{"line":50,"column":9}},{"start":{"line":48,"column":8},"end":{"line":50,"column":9}}],"line":48},"1":{"loc":{"start":{"line":60,"column":16},"end":{"line":60,"column":34}},"type":"if","locations":[{"start":{"line":60,"column":16},"end":{"line":60,"column":34}},{"start":{"line":60,"column":16},"end":{"line":60,"column":34}}],"line":60}},"s":{"0":4,"1":4,"2":4,"3":4,"4":4,"5":4,"6":9,"7":9,"8":9,"9":8,"10":8,"11":8,"12":8,"13":8,"14":8,"15":8,"16":8,"17":63,"18":9,"19":9,"20":8,"21":8,"22":8,"23":8,"24":8,"25":8,"26":8,"27":8,"28":8,"29":0,"30":8,"31":8,"32":8,"33":8,"34":8,"35":8,"36":8,"37":8,"38":8,"39":8,"40":8,"41":8,"42":8,"43":8,"44":8,"45":1,"46":1,"47":4},"f":{"0":9,"1":63,"2":9,"3":8,"4":8},"b":{"0":[1,7],"1":[0,8]},"_coverageSchema":"1a1c01bbd47fc00a2c39e90264f33305004495a9","hash":"16760604fccf164e3cca7925a7d3f0e5f1e8e033"}
,"D:\\main\\2020fall\\321\\actual project\\Lost-Pet-Finder\\backend\\src\\util\\firebaseAdmin.js": {"path":"D:\\main\\2020fall\\321\\actual project\\Lost-Pet-Finder\\backend\\src\\util\\firebaseAdmin.js","statementMap":{"0":{"start":{"line":1,"column":12},"end":{"line":1,"column":37}},"1":{"start":{"line":3,"column":26},"end":{"line":3,"column":67}},"2":{"start":{"line":5,"column":0},"end":{"line":8,"column":3}},"3":{"start":{"line":10,"column":0},"end":{"line":10,"column":49}},"4":{"start":{"line":12,"column":0},"end":{"line":12,"column":23}}},"fnMap":{},"branchMap":{},"s":{"0":6,"1":6,"2":6,"3":6,"4":6},"f":{},"b":{},"_coverageSchema":"1a1c01bbd47fc00a2c39e90264f33305004495a9","hash":"5eeab25ab1a42ec46a3da29337776dede7abb8bb"}
}
