TN:
SF:src\app.js
FN:29,(anonymous_0)
FN:34,(anonymous_1)
FN:42,(anonymous_2)
FN:77,shutdown
FN:78,(anonymous_4)
FNF:5
FNH:1
FNDA:7,(anonymous_0)
FNDA:0,(anonymous_1)
FNDA:0,(anonymous_2)
FNDA:0,shutdown
FNDA:0,(anonymous_4)
DA:5,7
DA:8,7
DA:9,7
DA:12,7
DA:13,7
DA:15,7
DA:16,7
DA:17,7
DA:20,7
DA:21,7
DA:22,7
DA:25,7
DA:26,7
DA:27,7
DA:29,7
DA:30,7
DA:34,7
DA:35,0
DA:38,7
DA:39,7
DA:40,7
DA:42,7
DA:43,0
DA:44,0
DA:48,0
DA:49,0
DA:50,0
DA:52,0
DA:63,0
DA:66,0
DA:68,0
DA:69,0
DA:74,7
DA:75,7
DA:78,0
DA:79,0
DA:80,0
DA:82,0
DA:85,0
DA:86,0
DA:90,7
LF:41
LH:24
BRDA:79,0,0,0
BRDA:79,0,1,0
BRF:2
BRH:0
end_of_record
TN:
SF:src\aws\awsClient.js
FNF:0
FNH:0
DA:4,7
DA:6,7
DA:12,7
DA:14,7
DA:20,7
LF:5
LH:5
BRF:0
BRH:0
end_of_record
TN:
SF:src\controllers\notificationController.js
FN:4,uploadDeviceToken
FN:21,getUserDeviceToken
FN:35,sendContactRequest
FN:75,respondToContactRequest
FN:132,getMyPendingRequests
FN:148,getMySentRequests
FNF:6
FNH:6
FNDA:2,uploadDeviceToken
FNDA:2,getUserDeviceToken
FNDA:3,sendContactRequest
FNDA:4,respondToContactRequest
FNDA:2,getMyPendingRequests
FNDA:2,getMySentRequests
DA:1,7
DA:2,7
DA:5,2
DA:6,2
DA:8,2
DA:9,2
DA:13,2
DA:14,1
DA:16,1
DA:17,1
DA:22,2
DA:24,2
DA:25,2
DA:26,2
DA:28,1
DA:30,1
DA:31,1
DA:36,3
DA:37,3
DA:39,3
DA:40,3
DA:42,3
DA:45,3
DA:47,2
DA:51,2
DA:56,2
DA:67,2
DA:68,2
DA:70,1
DA:71,1
DA:76,4
DA:77,4
DA:78,4
DA:80,4
DA:81,4
DA:82,3
DA:88,3
DA:91,3
DA:92,3
DA:93,1
DA:94,1
DA:97,2
DA:99,2
DA:103,2
DA:105,2
DA:116,2
DA:117,1
DA:119,1
DA:123,1
DA:124,1
DA:127,1
DA:128,1
DA:133,2
DA:135,2
DA:136,2
DA:139,2
DA:141,1
DA:143,1
DA:144,1
DA:149,2
DA:151,2
DA:152,2
DA:153,2
DA:155,1
DA:157,1
DA:158,1
DA:162,7
LF:67
LH:67
BRDA:81,0,0,3
BRDA:81,0,1,1
BRDA:92,1,0,1
BRDA:92,1,1,2
BRDA:92,2,0,3
BRDA:92,2,1,3
BRF:6
BRH:6
end_of_record
TN:
SF:src\controllers\petsController.js
FN:8,searchLostPets
FN:104,(anonymous_1)
FN:116,postLostPets
FN:175,searchFoundPets
FN:270,(anonymous_4)
FN:282,postFoundPets
FNF:6
FNH:6
FNDA:3,searchLostPets
FNDA:12,(anonymous_1)
FNDA:3,postLostPets
FNDA:3,searchFoundPets
FNDA:24,(anonymous_4)
FNDA:3,postFoundPets
DA:1,7
DA:2,7
DA:3,7
DA:4,7
DA:9,3
DA:10,3
DA:11,3
DA:16,3
DA:18,3
DA:19,2
DA:20,2
DA:21,2
DA:22,2
DA:24,2
DA:25,2
DA:27,2
DA:29,2
DA:30,9
DA:31,9
DA:32,9
DA:33,9
DA:34,9
DA:36,9
DA:40,9
DA:41,9
DA:42,9
DA:51,9
DA:61,2
DA:62,2
DA:63,9
DA:64,2
DA:68,2
DA:69,2
DA:70,9
DA:71,1
DA:75,2
DA:76,2
DA:77,9
DA:78,1
DA:82,2
DA:83,2
DA:84,9
DA:85,2
DA:89,2
DA:90,9
DA:91,9
DA:93,9
DA:95,9
DA:97,9
DA:104,2
DA:105,12
DA:108,2
DA:110,1
DA:111,1
DA:118,3
DA:119,3
DA:120,3
DA:121,3
DA:122,3
DA:124,3
DA:129,3
DA:130,3
DA:132,3
DA:133,3
DA:135,3
DA:136,0
DA:139,3
DA:140,3
DA:141,0
DA:143,3
DA:150,3
DA:151,3
DA:155,3
DA:168,3
DA:170,1
DA:171,1
DA:176,3
DA:178,3
DA:179,3
DA:182,3
DA:184,3
DA:185,2
DA:186,2
DA:187,2
DA:188,2
DA:190,2
DA:191,2
DA:193,2
DA:195,2
DA:196,12
DA:197,12
DA:198,12
DA:199,12
DA:200,12
DA:202,12
DA:206,12
DA:207,12
DA:208,12
DA:217,12
DA:227,2
DA:228,2
DA:229,12
DA:230,0
DA:234,2
DA:235,2
DA:236,12
DA:237,3
DA:241,2
DA:242,2
DA:243,12
DA:244,2
DA:248,2
DA:249,2
DA:250,12
DA:251,2
DA:255,2
DA:256,12
DA:257,12
DA:259,12
DA:261,12
DA:263,12
DA:270,2
DA:271,24
DA:274,2
DA:276,1
DA:277,1
DA:284,3
DA:285,3
DA:286,3
DA:287,3
DA:288,3
DA:290,3
DA:295,3
DA:296,3
DA:298,3
DA:299,3
DA:301,3
DA:302,0
DA:305,3
DA:306,3
DA:307,0
DA:309,3
DA:316,3
DA:317,3
DA:321,3
DA:334,3
DA:336,1
DA:337,1
DA:341,7
LF:149
LH:144
BRDA:63,0,0,2
BRDA:63,0,1,7
BRDA:70,1,0,1
BRDA:70,1,1,8
BRDA:77,2,0,1
BRDA:77,2,1,8
BRDA:84,3,0,2
BRDA:84,3,1,7
BRDA:135,4,0,0
BRDA:135,4,1,3
BRDA:140,5,0,0
BRDA:140,5,1,3
BRDA:229,6,0,0
BRDA:229,6,1,12
BRDA:236,7,0,3
BRDA:236,7,1,9
BRDA:243,8,0,2
BRDA:243,8,1,10
BRDA:250,9,0,2
BRDA:250,9,1,10
BRDA:301,10,0,0
BRDA:301,10,1,3
BRDA:306,11,0,0
BRDA:306,11,1,3
BRF:24
BRH:19
end_of_record
TN:
SF:src\controllers\userController.js
FN:3,getUserContactInfo
FN:17,createNewUser
FN:58,getUserIdNumber
FNF:3
FNH:3
FNDA:2,getUserContactInfo
FNDA:2,createNewUser
FNDA:2,getUserIdNumber
DA:1,7
DA:4,2
DA:6,2
DA:7,2
DA:8,2
DA:9,1
DA:11,1
DA:12,1
DA:18,2
DA:19,2
DA:20,2
DA:21,2
DA:23,2
DA:24,2
DA:31,2
DA:33,1
DA:34,1
DA:59,2
DA:61,2
DA:62,2
DA:64,2
DA:65,1
DA:67,1
DA:68,1
DA:72,7
LF:25
LH:25
BRF:0
BRH:0
end_of_record
TN:
SF:src\routers\notificationRouter.js
FN:8,(anonymous_0)
FNF:1
FNH:1
FNDA:1,(anonymous_0)
DA:2,7
DA:3,7
DA:6,7
DA:8,7
DA:9,1
DA:12,7
DA:13,7
DA:15,7
DA:16,7
DA:17,7
DA:18,7
DA:20,7
LF:12
LH:12
BRF:0
BRH:0
end_of_record
TN:
SF:src\routers\petsRouter.js
FN:8,(anonymous_0)
FNF:1
FNH:1
FNDA:1,(anonymous_0)
DA:2,7
DA:3,7
DA:6,7
DA:8,7
DA:9,1
DA:12,7
DA:13,7
DA:14,7
DA:15,7
DA:17,7
LF:10
LH:10
BRF:0
BRH:0
end_of_record
TN:
SF:src\routers\userRouter.js
FN:8,(anonymous_0)
FNF:1
FNH:1
FNDA:1,(anonymous_0)
DA:2,7
DA:3,7
DA:6,7
DA:8,7
DA:9,1
DA:12,7
DA:13,7
DA:14,7
DA:16,7
LF:9
LH:9
BRF:0
BRH:0
end_of_record
TN:
SF:src\sql\connection.js
FN:14,(anonymous_0)
FNF:1
FNH:1
FNDA:4,(anonymous_0)
DA:1,4
DA:2,4
DA:4,4
DA:14,4
DA:15,4
DA:16,0
DA:18,4
DA:21,4
DA:22,4
DA:27,4
DA:29,4
LF:11
LH:10
BRDA:6,0,0,4
BRDA:6,0,1,0
BRDA:15,1,0,0
BRDA:15,1,1,4
BRDA:21,2,0,4
BRDA:21,2,1,0
BRF:6
BRH:3
end_of_record
TN:
SF:src\tests\awsFunctionsTestVariable.js
FNF:0
FNH:0
DA:1,1
DA:80,1
LF:2
LH:2
BRF:0
BRH:0
end_of_record
TN:
SF:src\tests\integrationTestVariables.js
FNF:0
FNH:0
DA:1,1
DA:73,1
DA:176,1
DA:190,1
DA:204,1
DA:205,1
DA:206,1
DA:207,1
LF:8
LH:8
BRF:0
BRH:0
end_of_record
TN:
SF:src\tests\testVariables.js
FNF:0
FNH:0
DA:1,3
DA:45,3
DA:96,3
DA:174,3
DA:267,3
DA:292,3
DA:318,3
DA:344,3
DA:371,3
DA:433,3
DA:503,3
DA:504,3
DA:505,3
DA:506,3
DA:507,3
DA:508,3
DA:509,3
DA:510,3
DA:511,3
DA:512,3
LF:20
LH:20
BRF:0
BRH:0
end_of_record
TN:
SF:src\util\awsFunctions.js
FN:32,getAWSTags
FN:51,(anonymous_1)
FN:64,getColour
FN:90,(anonymous_3)
FN:92,(anonymous_4)
FN:139,validBoxes
FN:144,(anonymous_6)
FN:145,(anonymous_7)
FN:176,filterForPets
FN:182,(anonymous_9)
FN:183,(anonymous_10)
FN:193,filterForConfidence
FN:198,(anonymous_12)
FN:209,getColourScore
FN:220,getIntersectionScore
FN:227,(anonymous_15)
FN:240,getIntersection
FN:246,(anonymous_17)
FN:250,(anonymous_18)
FN:259,getDateScore
FN:269,getDistanceScore
FN:284,deg2rad
FNF:22
FNH:22
FNDA:8,getAWSTags
FNDA:74,(anonymous_1)
FNDA:8,getColour
FNDA:7,(anonymous_3)
FNDA:7,(anonymous_4)
FNDA:11,validBoxes
FNDA:57,(anonymous_6)
FNDA:11,(anonymous_7)
FNDA:8,filterForPets
FNDA:44,(anonymous_9)
FNDA:85,(anonymous_10)
FNDA:8,filterForConfidence
FNDA:74,(anonymous_12)
FNDA:22,getColourScore
FNDA:22,getIntersectionScore
FNDA:140,(anonymous_15)
FNDA:23,getIntersection
FNDA:108,(anonymous_17)
FNDA:109,(anonymous_18)
FNDA:22,getDateScore
FNDA:22,getDistanceScore
FNDA:88,deg2rad
DA:2,7
DA:3,7
DA:4,7
DA:6,7
DA:7,7
DA:8,7
DA:9,7
DA:13,7
DA:23,7
DA:33,8
DA:34,8
DA:36,8
DA:46,8
DA:47,8
DA:49,7
DA:51,7
DA:52,74
DA:55,7
DA:57,1
DA:59,1
DA:65,8
DA:66,8
DA:69,7
DA:72,7
DA:73,7
DA:74,7
DA:76,7
DA:81,7
DA:82,3
DA:85,7
DA:86,7
DA:88,7
DA:89,7
DA:90,7
DA:91,7
DA:92,7
DA:93,7
DA:94,7
DA:98,7
DA:102,7
DA:103,7
DA:104,7
DA:105,7
DA:107,7
DA:108,7
DA:109,7
DA:112,7
DA:113,7
DA:117,7
DA:121,7
DA:126,7
DA:128,1
DA:129,1
DA:140,11
DA:141,11
DA:142,1
DA:144,10
DA:145,57
DA:146,11
DA:147,11
DA:152,10
DA:153,3
DA:154,1
DA:155,0
DA:157,1
DA:158,0
DA:160,1
DA:161,1
DA:163,0
DA:164,0
DA:169,9
DA:171,5
DA:177,8
DA:178,8
DA:179,8
DA:180,1
DA:182,7
DA:183,44
DA:184,85
DA:185,32
DA:189,7
DA:194,8
DA:195,8
DA:196,1
DA:198,7
DA:199,74
DA:200,41
DA:203,7
DA:211,22
DA:216,22
DA:221,22
DA:223,22
DA:225,22
DA:226,73
DA:227,73
DA:228,140
DA:230,73
DA:231,73
DA:233,22
DA:235,22
DA:243,23
DA:244,23
DA:246,23
DA:247,108
DA:250,23
DA:251,109
DA:252,76
DA:256,23
DA:260,22
DA:261,22
DA:263,22
DA:265,22
DA:270,22
DA:271,22
DA:272,22
DA:274,22
DA:279,22
DA:280,22
DA:281,22
DA:285,88
DA:289,7
LF:121
LH:117
BRDA:81,0,0,4
BRDA:81,0,1,3
BRDA:93,1,0,0
BRDA:93,1,1,7
BRDA:141,2,0,1
BRDA:141,2,1,10
BRDA:146,3,0,11
BRDA:146,3,1,0
BRDA:154,4,0,0
BRDA:154,4,1,1
BRDA:157,5,0,0
BRDA:157,5,1,1
BRDA:160,6,0,1
BRDA:160,6,1,0
BRDA:163,7,0,0
BRDA:163,7,1,0
BRDA:169,8,0,4
BRDA:169,8,1,5
BRDA:179,9,0,1
BRDA:179,9,1,7
BRDA:184,10,0,32
BRDA:184,10,1,53
BRDA:184,11,0,85
BRDA:184,11,1,32
BRDA:195,12,0,1
BRDA:195,12,1,7
BRDA:199,13,0,41
BRDA:199,13,1,33
BRDA:251,14,0,76
BRDA:251,14,1,33
BRF:30
BRH:23
end_of_record
TN:
SF:src\util\colourFunctions.js
FN:11,getColour
FN:42,(anonymous_1)
FN:43,(anonymous_2)
FN:57,(anonymous_3)
FN:59,(anonymous_4)
FNF:5
FNH:5
FNDA:9,getColour
FNDA:63,(anonymous_1)
FNDA:9,(anonymous_2)
FNDA:8,(anonymous_3)
FNDA:8,(anonymous_4)
DA:3,5
DA:4,5
DA:5,5
DA:7,5
DA:8,5
DA:9,5
DA:12,9
DA:13,9
DA:23,9
DA:24,8
DA:26,8
DA:28,8
DA:29,8
DA:30,8
DA:32,8
DA:39,8
DA:42,8
DA:43,63
DA:44,9
DA:45,9
DA:48,8
DA:52,8
DA:53,8
DA:55,8
DA:56,8
DA:57,8
DA:58,8
DA:59,8
DA:60,8
DA:61,8
DA:65,8
DA:73,8
DA:74,8
DA:75,8
DA:76,8
DA:78,8
DA:79,8
DA:80,8
DA:82,8
DA:83,8
DA:84,8
DA:85,8
DA:89,8
DA:95,8
DA:97,1
DA:99,1
DA:103,5
LF:47
LH:47
BRDA:48,0,0,1
BRDA:48,0,1,7
BRDA:60,1,0,0
BRDA:60,1,1,8
BRF:4
BRH:3
end_of_record
TN:
SF:src\util\firebaseAdmin.js
FNF:0
FNH:0
DA:1,7
DA:3,7
DA:5,7
DA:10,7
DA:12,7
LF:5
LH:5
BRF:0
BRH:0
end_of_record
