TN:
SF:src\app.js
FN:30,(anonymous_0)
FN:35,(anonymous_1)
FN:44,(anonymous_2)
FN:79,shutdown
FN:80,(anonymous_4)
FNF:5
FNH:1
FNDA:3,(anonymous_0)
FNDA:0,(anonymous_1)
FNDA:0,(anonymous_2)
FNDA:0,shutdown
FNDA:0,(anonymous_4)
DA:5,4
DA:8,4
DA:9,4
DA:12,4
DA:13,4
DA:15,4
DA:16,4
DA:17,4
DA:21,4
DA:22,4
DA:23,4
DA:26,4
DA:27,4
DA:28,4
DA:30,4
DA:31,3
DA:35,4
DA:36,0
DA:40,4
DA:41,4
DA:42,4
DA:44,4
DA:45,0
DA:46,0
DA:50,0
DA:51,0
DA:52,0
DA:54,0
DA:65,0
DA:68,0
DA:70,0
DA:71,0
DA:76,4
DA:77,4
DA:80,0
DA:81,0
DA:82,0
DA:84,0
DA:87,0
DA:88,0
DA:92,4
LF:41
LH:24
BRDA:81,0,0,0
BRDA:81,0,1,0
BRF:2
BRH:0
end_of_record
TN:
SF:src\aws\awsClient.js
FNF:0
FNH:0
DA:4,4
DA:6,4
DA:12,4
DA:14,4
DA:20,4
LF:5
LH:5
BRF:0
BRH:0
end_of_record
TN:
SF:src\controllers\notificationController.js
FN:4,uploadDeviceToken
FN:22,getUserDeviceToken
FN:36,sendContactRequest
FN:77,respondToContactRequest
FN:133,getMyPendingRequests
FN:149,getMySentRequests
FNF:6
FNH:0
FNDA:0,uploadDeviceToken
FNDA:0,getUserDeviceToken
FNDA:0,sendContactRequest
FNDA:0,respondToContactRequest
FNDA:0,getMyPendingRequests
FNDA:0,getMySentRequests
DA:1,4
DA:2,4
DA:5,0
DA:6,0
DA:8,0
DA:9,0
DA:13,0
DA:15,0
DA:17,0
DA:18,0
DA:23,0
DA:25,0
DA:26,0
DA:27,0
DA:29,0
DA:31,0
DA:32,0
DA:37,0
DA:38,0
DA:40,0
DA:41,0
DA:43,0
DA:46,0
DA:48,0
DA:52,0
DA:54,0
DA:55,0
DA:57,0
DA:68,0
DA:70,0
DA:72,0
DA:73,0
DA:78,0
DA:79,0
DA:80,0
DA:82,0
DA:83,0
DA:84,0
DA:90,0
DA:93,0
DA:94,0
DA:95,0
DA:96,0
DA:99,0
DA:101,0
DA:105,0
DA:107,0
DA:118,0
DA:120,0
DA:126,0
DA:128,0
DA:129,0
DA:134,0
DA:136,0
DA:137,0
DA:140,0
DA:142,0
DA:144,0
DA:145,0
DA:150,0
DA:152,0
DA:153,0
DA:154,0
DA:156,0
DA:158,0
DA:159,0
DA:170,4
LF:67
LH:3
BRDA:83,0,0,0
BRDA:83,0,1,0
BRDA:94,1,0,0
BRDA:94,1,1,0
BRDA:94,2,0,0
BRDA:94,2,1,0
BRF:6
BRH:0
end_of_record
TN:
SF:src\controllers\petsController.js
FN:8,searchLostPets
FN:107,(anonymous_1)
FN:119,postLostPets
FN:178,searchFoundPets
FN:278,(anonymous_4)
FN:290,postFoundPets
FNF:6
FNH:6
FNDA:3,searchLostPets
FNDA:10,(anonymous_1)
FNDA:2,postLostPets
FNDA:2,searchFoundPets
FNDA:8,(anonymous_4)
FNDA:2,postFoundPets
DA:1,4
DA:2,4
DA:3,4
DA:4,4
DA:9,3
DA:11,3
DA:12,3
DA:16,3
DA:18,2
DA:19,2
DA:20,2
DA:21,2
DA:22,2
DA:24,2
DA:25,2
DA:27,2
DA:32,2
DA:33,8
DA:34,8
DA:35,8
DA:36,8
DA:37,8
DA:39,8
DA:43,8
DA:44,8
DA:45,8
DA:54,8
DA:64,2
DA:65,2
DA:66,8
DA:67,0
DA:71,2
DA:72,2
DA:73,8
DA:74,5
DA:78,2
DA:79,2
DA:80,8
DA:81,0
DA:85,2
DA:86,2
DA:87,8
DA:88,2
DA:92,2
DA:93,8
DA:94,8
DA:96,8
DA:98,8
DA:100,8
DA:107,2
DA:108,10
DA:111,2
DA:113,1
DA:114,1
DA:121,2
DA:122,2
DA:123,2
DA:124,2
DA:125,2
DA:127,2
DA:132,2
DA:133,2
DA:135,2
DA:136,2
DA:138,2
DA:139,0
DA:142,2
DA:143,2
DA:144,0
DA:146,2
DA:153,2
DA:154,2
DA:156,2
DA:158,2
DA:171,2
DA:173,1
DA:174,1
DA:179,2
DA:181,2
DA:182,2
DA:187,2
DA:189,1
DA:190,1
DA:191,1
DA:192,1
DA:193,1
DA:195,1
DA:196,1
DA:198,1
DA:203,1
DA:204,5
DA:205,5
DA:206,5
DA:207,5
DA:208,5
DA:210,5
DA:214,5
DA:215,5
DA:216,5
DA:225,5
DA:235,1
DA:236,1
DA:237,5
DA:238,0
DA:242,1
DA:243,1
DA:244,5
DA:245,1
DA:249,1
DA:250,1
DA:251,5
DA:252,0
DA:256,1
DA:257,1
DA:258,5
DA:259,2
DA:263,1
DA:264,5
DA:265,5
DA:267,5
DA:269,5
DA:271,5
DA:278,1
DA:279,8
DA:282,1
DA:284,1
DA:285,1
DA:292,2
DA:293,2
DA:294,2
DA:295,2
DA:296,2
DA:298,2
DA:303,2
DA:304,2
DA:306,2
DA:307,2
DA:309,2
DA:310,0
DA:313,2
DA:314,2
DA:315,0
DA:317,2
DA:324,2
DA:325,2
DA:327,2
DA:329,2
DA:342,2
DA:344,1
DA:345,1
DA:349,4
LF:151
LH:143
BRDA:66,0,0,0
BRDA:66,0,1,8
BRDA:73,1,0,5
BRDA:73,1,1,3
BRDA:80,2,0,0
BRDA:80,2,1,8
BRDA:87,3,0,2
BRDA:87,3,1,6
BRDA:138,4,0,0
BRDA:138,4,1,2
BRDA:143,5,0,0
BRDA:143,5,1,2
BRDA:237,6,0,0
BRDA:237,6,1,5
BRDA:244,7,0,1
BRDA:244,7,1,4
BRDA:251,8,0,0
BRDA:251,8,1,5
BRDA:258,9,0,2
BRDA:258,9,1,3
BRDA:309,10,0,0
BRDA:309,10,1,2
BRDA:314,11,0,0
BRDA:314,11,1,2
BRF:24
BRH:16
end_of_record
TN:
SF:src\controllers\userController.js
FN:3,getUserContactInfo
FNF:1
FNH:0
FNDA:0,getUserContactInfo
DA:1,4
DA:4,0
DA:6,0
DA:7,0
DA:8,0
DA:10,0
DA:12,0
DA:13,0
DA:17,4
LF:9
LH:2
BRF:0
BRH:0
end_of_record
TN:
SF:src\routers\notificationRouter.js
FN:8,(anonymous_0)
FNF:1
FNH:0
FNDA:0,(anonymous_0)
DA:2,4
DA:3,4
DA:6,4
DA:8,4
DA:9,0
DA:12,4
DA:13,4
DA:15,4
DA:16,4
DA:17,4
DA:18,4
DA:20,4
LF:12
LH:11
BRF:0
BRH:0
end_of_record
TN:
SF:src\routers\petsRouter.js
FN:8,(anonymous_0)
FNF:1
FNH:0
FNDA:0,(anonymous_0)
DA:2,4
DA:3,4
DA:6,4
DA:8,4
DA:9,0
DA:12,4
DA:13,4
DA:14,4
DA:15,4
DA:17,4
LF:10
LH:9
BRF:0
BRH:0
end_of_record
TN:
SF:src\routers\userRouter.js
FN:8,(anonymous_0)
FNF:1
FNH:0
FNDA:0,(anonymous_0)
DA:2,4
DA:3,4
DA:6,4
DA:8,4
DA:9,0
DA:12,4
DA:14,4
LF:7
LH:6
BRF:0
BRH:0
end_of_record
TN:
SF:src\sql\connection.js
FN:14,(anonymous_0)
FNF:1
FNH:1
FNDA:1,(anonymous_0)
DA:1,3
DA:2,3
DA:4,3
DA:14,3
DA:15,1
DA:16,0
DA:18,1
DA:21,1
DA:22,1
DA:27,3
DA:29,3
LF:11
LH:10
BRDA:6,0,0,3
BRDA:6,0,1,0
BRDA:15,1,0,0
BRDA:15,1,1,1
BRDA:21,2,0,1
BRDA:21,2,1,0
BRF:6
BRH:3
end_of_record
TN:
SF:src\tests\integrationTestVariables.js
FNF:0
FNH:0
DA:2,1
DA:118,1
DA:291,1
DA:304,1
DA:317,1
DA:318,1
DA:319,1
DA:320,1
LF:8
LH:8
BRF:0
BRH:0
end_of_record
TN:
SF:src\tests\testVariables.js
FNF:0
FNH:0
DA:1,1
DA:45,1
DA:96,1
DA:174,1
DA:267,1
DA:292,1
DA:318,1
DA:344,1
DA:371,1
DA:433,1
DA:503,1
DA:504,1
DA:505,1
DA:506,1
DA:507,1
DA:508,1
DA:509,1
DA:510,1
DA:511,1
DA:512,1
LF:20
LH:20
BRF:0
BRH:0
end_of_record
TN:
SF:src\util\awsFunctions.js
FN:33,getAWSTags
FN:52,(anonymous_1)
FN:66,getColour
FN:94,(anonymous_3)
FN:96,(anonymous_4)
FN:135,validBoxes
FN:141,(anonymous_6)
FN:142,(anonymous_7)
FN:175,filterForPets
FN:184,(anonymous_9)
FN:185,(anonymous_10)
FN:202,filterForConfidence
FN:210,(anonymous_12)
FN:228,getColourScore
FN:236,getIntersectionScore
FN:244,(anonymous_15)
FN:257,getIntersection
FN:264,(anonymous_17)
FN:268,(anonymous_18)
FN:277,getDateScore
FN:290,getDistanceScore
FN:305,deg2rad
FNF:22
FNH:22
FNDA:4,getAWSTags
FNDA:44,(anonymous_1)
FNDA:4,getColour
FNDA:4,(anonymous_3)
FNDA:4,(anonymous_4)
FNDA:5,validBoxes
FNDA:25,(anonymous_6)
FNDA:7,(anonymous_7)
FNDA:4,filterForPets
FNDA:24,(anonymous_9)
FNDA:50,(anonymous_10)
FNDA:4,filterForConfidence
FNDA:44,(anonymous_12)
FNDA:13,getColourScore
FNDA:13,getIntersectionScore
FNDA:77,(anonymous_15)
FNDA:13,getIntersection
FNDA:60,(anonymous_17)
FNDA:63,(anonymous_18)
FNDA:13,getDateScore
FNDA:13,getDistanceScore
FNDA:52,deg2rad
DA:2,4
DA:3,4
DA:4,4
DA:6,4
DA:7,4
DA:8,4
DA:9,4
DA:13,4
DA:23,4
DA:34,4
DA:35,4
DA:37,4
DA:47,4
DA:48,4
DA:50,4
DA:52,4
DA:53,44
DA:56,4
DA:58,0
DA:60,0
DA:68,4
DA:69,4
DA:70,4
DA:73,4
DA:74,4
DA:75,4
DA:77,4
DA:82,4
DA:83,2
DA:86,2
DA:89,4
DA:90,4
DA:92,4
DA:93,4
DA:94,4
DA:95,4
DA:96,4
DA:97,4
DA:98,4
DA:102,4
DA:107,4
DA:108,4
DA:109,4
DA:110,4
DA:112,4
DA:113,4
DA:114,4
DA:117,4
DA:118,4
DA:119,4
DA:120,4
DA:122,4
DA:124,0
DA:125,0
DA:136,5
DA:137,5
DA:139,0
DA:141,5
DA:142,25
DA:143,7
DA:145,7
DA:150,5
DA:151,2
DA:152,1
DA:153,0
DA:155,1
DA:156,0
DA:158,1
DA:159,1
DA:161,0
DA:162,0
DA:167,4
DA:168,2
DA:170,2
DA:177,4
DA:178,4
DA:179,4
DA:180,4
DA:182,0
DA:184,4
DA:185,24
DA:186,50
DA:188,18
DA:192,4
DA:195,0
DA:197,0
DA:204,4
DA:205,4
DA:206,4
DA:208,0
DA:210,4
DA:211,44
DA:213,24
DA:216,4
DA:219,0
DA:221,0
DA:231,13
DA:232,13
DA:237,13
DA:239,13
DA:241,13
DA:243,41
DA:244,41
DA:245,77
DA:247,41
DA:248,41
DA:250,13
DA:252,13
DA:261,13
DA:262,13
DA:264,13
DA:265,60
DA:268,13
DA:269,63
DA:270,41
DA:274,13
DA:279,13
DA:280,13
DA:282,13
DA:284,13
DA:286,13
DA:292,13
DA:293,13
DA:294,13
DA:296,13
DA:300,13
DA:301,13
DA:302,13
DA:306,52
DA:311,4
LF:130
LH:115
BRDA:82,0,0,2
BRDA:82,0,1,2
BRDA:97,1,0,0
BRDA:97,1,1,4
BRDA:137,2,0,0
BRDA:137,2,1,5
BRDA:143,3,0,7
BRDA:143,3,1,0
BRDA:152,4,0,0
BRDA:152,4,1,1
BRDA:155,5,0,0
BRDA:155,5,1,1
BRDA:158,6,0,1
BRDA:158,6,1,0
BRDA:161,7,0,0
BRDA:161,7,1,0
BRDA:167,8,0,2
BRDA:167,8,1,2
BRDA:180,9,0,0
BRDA:180,9,1,4
BRDA:186,10,0,18
BRDA:186,10,1,32
BRDA:186,11,0,50
BRDA:186,11,1,18
BRDA:206,12,0,0
BRDA:206,12,1,4
BRDA:211,13,0,24
BRDA:211,13,1,20
BRDA:269,14,0,41
BRDA:269,14,1,22
BRF:30
BRH:20
end_of_record
TN:
SF:src\util\colourFunctions.js
FN:11,getColour
FN:42,(anonymous_1)
FN:43,(anonymous_2)
FN:57,(anonymous_3)
FN:59,(anonymous_4)
FNF:5
FNH:5
FNDA:9,getColour
FNDA:63,(anonymous_1)
FNDA:9,(anonymous_2)
FNDA:8,(anonymous_3)
FNDA:8,(anonymous_4)
DA:3,3
DA:4,3
DA:5,3
DA:7,3
DA:8,3
DA:9,3
DA:12,9
DA:13,9
DA:23,9
DA:24,8
DA:26,8
DA:28,8
DA:29,8
DA:30,8
DA:32,8
DA:39,8
DA:42,8
DA:43,63
DA:44,9
DA:45,9
DA:48,8
DA:52,8
DA:53,8
DA:55,8
DA:56,8
DA:57,8
DA:58,8
DA:59,8
DA:60,8
DA:61,8
DA:65,8
DA:73,8
DA:74,8
DA:75,8
DA:76,8
DA:78,8
DA:79,8
DA:80,8
DA:82,8
DA:83,8
DA:84,8
DA:85,8
DA:89,8
DA:95,8
DA:97,1
DA:99,1
DA:103,3
LF:47
LH:47
BRDA:48,0,0,1
BRDA:48,0,1,7
BRDA:60,1,0,0
BRDA:60,1,1,8
BRF:4
BRH:3
end_of_record
TN:
SF:src\util\firebaseAdmin.js
FNF:0
FNH:0
DA:1,4
DA:3,4
DA:5,4
DA:10,4
DA:12,4
LF:5
LH:5
BRF:0
BRH:0
end_of_record
